<?xml version="1.0" encoding="UTF-8"?>
<testsuite xmlns:xsi="http://www.w3.org/2001/XMLSchema-instance" xsi:noNamespaceSchemaLocation="https://maven.apache.org/surefire/maven-failsafe-plugin/xsd/failsafe-test-report-3.0.xsd" version="3.0" name="pt.com.francisco.web.TaskRestControllerTestIT" time="13.657" tests="8" errors="0" skipped="0" failures="0">
  <properties>
    <property name="java.specification.version" value="17"/>
    <property name="sun.jnu.encoding" value="UTF-8"/>
    <property name="java.class.path" value="/home/runner/work/spring-java-template/spring-java-template/frameworks/target/test-classes:/home/runner/work/spring-java-template/spring-java-template/frameworks/target/classes:/home/runner/.m2/repository/pt/com/francisco/app/0.0.1-SNAPSHOT/app-0.0.1-SNAPSHOT.jar:/home/runner/.m2/repository/pt/com/francisco/entities/0.0.1-SNAPSHOT/entities-0.0.1-SNAPSHOT.jar:/home/runner/.m2/repository/com/fasterxml/jackson/core/jackson-annotations/2.15.3/jackson-annotations-2.15.3.jar:/home/runner/.m2/repository/org/springframework/boot/spring-boot-starter/3.2.0/spring-boot-starter-3.2.0.jar:/home/runner/.m2/repository/org/springframework/boot/spring-boot/3.2.0/spring-boot-3.2.0.jar:/home/runner/.m2/repository/org/springframework/spring-context/6.1.1/spring-context-6.1.1.jar:/home/runner/.m2/repository/org/springframework/boot/spring-boot-autoconfigure/3.2.0/spring-boot-autoconfigure-3.2.0.jar:/home/runner/.m2/repository/org/springframework/boot/spring-boot-starter-logging/3.2.0/spring-boot-starter-logging-3.2.0.jar:/home/runner/.m2/repository/ch/qos/logback/logback-classic/1.4.11/logback-classic-1.4.11.jar:/home/runner/.m2/repository/ch/qos/logback/logback-core/1.4.11/logback-core-1.4.11.jar:/home/runner/.m2/repository/org/apache/logging/log4j/log4j-to-slf4j/2.21.1/log4j-to-slf4j-2.21.1.jar:/home/runner/.m2/repository/org/apache/logging/log4j/log4j-api/2.21.1/log4j-api-2.21.1.jar:/home/runner/.m2/repository/org/slf4j/jul-to-slf4j/2.0.9/jul-to-slf4j-2.0.9.jar:/home/runner/.m2/repository/jakarta/annotation/jakarta.annotation-api/2.1.1/jakarta.annotation-api-2.1.1.jar:/home/runner/.m2/repository/org/springframework/spring-core/6.1.1/spring-core-6.1.1.jar:/home/runner/.m2/repository/org/springframework/spring-jcl/6.1.1/spring-jcl-6.1.1.jar:/home/runner/.m2/repository/org/yaml/snakeyaml/2.2/snakeyaml-2.2.jar:/home/runner/.m2/repository/org/springframework/boot/spring-boot-starter-test/3.2.0/spring-boot-starter-test-3.2.0.jar:/home/runner/.m2/repository/org/springframework/boot/spring-boot-test/3.2.0/spring-boot-test-3.2.0.jar:/home/runner/.m2/repository/org/springframework/boot/spring-boot-test-autoconfigure/3.2.0/spring-boot-test-autoconfigure-3.2.0.jar:/home/runner/.m2/repository/com/jayway/jsonpath/json-path/2.8.0/json-path-2.8.0.jar:/home/runner/.m2/repository/org/slf4j/slf4j-api/2.0.9/slf4j-api-2.0.9.jar:/home/runner/.m2/repository/jakarta/xml/bind/jakarta.xml.bind-api/4.0.1/jakarta.xml.bind-api-4.0.1.jar:/home/runner/.m2/repository/jakarta/activation/jakarta.activation-api/2.1.2/jakarta.activation-api-2.1.2.jar:/home/runner/.m2/repository/net/minidev/json-smart/2.5.0/json-smart-2.5.0.jar:/home/runner/.m2/repository/net/minidev/accessors-smart/2.5.0/accessors-smart-2.5.0.jar:/home/runner/.m2/repository/org/ow2/asm/asm/9.3/asm-9.3.jar:/home/runner/.m2/repository/org/assertj/assertj-core/3.24.2/assertj-core-3.24.2.jar:/home/runner/.m2/repository/net/bytebuddy/byte-buddy/1.14.10/byte-buddy-1.14.10.jar:/home/runner/.m2/repository/org/awaitility/awaitility/4.2.0/awaitility-4.2.0.jar:/home/runner/.m2/repository/org/hamcrest/hamcrest/2.2/hamcrest-2.2.jar:/home/runner/.m2/repository/org/junit/jupiter/junit-jupiter/5.10.1/junit-jupiter-5.10.1.jar:/home/runner/.m2/repository/org/junit/jupiter/junit-jupiter-api/5.10.1/junit-jupiter-api-5.10.1.jar:/home/runner/.m2/repository/org/opentest4j/opentest4j/1.3.0/opentest4j-1.3.0.jar:/home/runner/.m2/repository/org/junit/platform/junit-platform-commons/1.10.1/junit-platform-commons-1.10.1.jar:/home/runner/.m2/repository/org/apiguardian/apiguardian-api/1.1.2/apiguardian-api-1.1.2.jar:/home/runner/.m2/repository/org/junit/jupiter/junit-jupiter-params/5.10.1/junit-jupiter-params-5.10.1.jar:/home/runner/.m2/repository/org/junit/jupiter/junit-jupiter-engine/5.10.1/junit-jupiter-engine-5.10.1.jar:/home/runner/.m2/repository/org/junit/platform/junit-platform-engine/1.10.1/junit-platform-engine-1.10.1.jar:/home/runner/.m2/repository/org/mockito/mockito-core/5.8.0/mockito-core-5.8.0.jar:/home/runner/.m2/repository/net/bytebuddy/byte-buddy-agent/1.14.10/byte-buddy-agent-1.14.10.jar:/home/runner/.m2/repository/org/objenesis/objenesis/3.3/objenesis-3.3.jar:/home/runner/.m2/repository/org/mockito/mockito-junit-jupiter/5.7.0/mockito-junit-jupiter-5.7.0.jar:/home/runner/.m2/repository/org/skyscreamer/jsonassert/1.5.1/jsonassert-1.5.1.jar:/home/runner/.m2/repository/com/vaadin/external/google/android-json/0.0.20131108.vaadin1/android-json-0.0.20131108.vaadin1.jar:/home/runner/.m2/repository/org/springframework/spring-test/6.1.1/spring-test-6.1.1.jar:/home/runner/.m2/repository/org/xmlunit/xmlunit-core/2.9.1/xmlunit-core-2.9.1.jar:/home/runner/.m2/repository/org/springframework/boot/spring-boot-starter-web/3.2.0/spring-boot-starter-web-3.2.0.jar:/home/runner/.m2/repository/org/springframework/boot/spring-boot-starter-json/3.2.0/spring-boot-starter-json-3.2.0.jar:/home/runner/.m2/repository/com/fasterxml/jackson/datatype/jackson-datatype-jdk8/2.15.3/jackson-datatype-jdk8-2.15.3.jar:/home/runner/.m2/repository/com/fasterxml/jackson/datatype/jackson-datatype-jsr310/2.15.3/jackson-datatype-jsr310-2.15.3.jar:/home/runner/.m2/repository/com/fasterxml/jackson/module/jackson-module-parameter-names/2.15.3/jackson-module-parameter-names-2.15.3.jar:/home/runner/.m2/repository/org/springframework/boot/spring-boot-starter-tomcat/3.2.0/spring-boot-starter-tomcat-3.2.0.jar:/home/runner/.m2/repository/org/apache/tomcat/embed/tomcat-embed-core/10.1.16/tomcat-embed-core-10.1.16.jar:/home/runner/.m2/repository/org/apache/tomcat/embed/tomcat-embed-el/10.1.16/tomcat-embed-el-10.1.16.jar:/home/runner/.m2/repository/org/apache/tomcat/embed/tomcat-embed-websocket/10.1.16/tomcat-embed-websocket-10.1.16.jar:/home/runner/.m2/repository/org/springframework/spring-web/6.1.1/spring-web-6.1.1.jar:/home/runner/.m2/repository/org/springframework/spring-beans/6.1.1/spring-beans-6.1.1.jar:/home/runner/.m2/repository/io/micrometer/micrometer-observation/1.12.0/micrometer-observation-1.12.0.jar:/home/runner/.m2/repository/io/micrometer/micrometer-commons/1.12.0/micrometer-commons-1.12.0.jar:/home/runner/.m2/repository/org/springframework/spring-webmvc/6.1.1/spring-webmvc-6.1.1.jar:/home/runner/.m2/repository/org/springframework/spring-aop/6.1.1/spring-aop-6.1.1.jar:/home/runner/.m2/repository/org/springframework/spring-expression/6.1.1/spring-expression-6.1.1.jar:/home/runner/.m2/repository/pt/com/francisco/interfaceAdapters/0.0.1-SNAPSHOT/interfaceAdapters-0.0.1-SNAPSHOT.jar:/home/runner/.m2/repository/com/h2database/h2/2.2.224/h2-2.2.224.jar:/home/runner/.m2/repository/org/openapitools/jackson-databind-nullable/0.2.6/jackson-databind-nullable-0.2.6.jar:/home/runner/.m2/repository/com/fasterxml/jackson/core/jackson-databind/2.15.3/jackson-databind-2.15.3.jar:/home/runner/.m2/repository/com/fasterxml/jackson/core/jackson-core/2.15.3/jackson-core-2.15.3.jar:/home/runner/.m2/repository/org/openapitools/openapi-generator-maven-plugin/7.1.0/openapi-generator-maven-plugin-7.1.0.jar:/home/runner/.m2/repository/org/sonatype/plexus/plexus-build-api/0.0.7/plexus-build-api-0.0.7.jar:/home/runner/.m2/repository/org/codehaus/plexus/plexus-utils/1.5.8/plexus-utils-1.5.8.jar:/home/runner/.m2/repository/org/apache/maven/plugin-tools/maven-plugin-annotations/3.9.0/maven-plugin-annotations-3.9.0.jar:/home/runner/.m2/repository/org/openapitools/openapi-generator/7.1.0/openapi-generator-7.1.0.jar:/home/runner/.m2/repository/io/swagger/parser/v3/swagger-parser/2.1.18/swagger-parser-2.1.18.jar:/home/runner/.m2/repository/io/swagger/parser/v3/swagger-parser-v2-converter/2.1.18/swagger-parser-v2-converter-2.1.18.jar:/home/runner/.m2/repository/io/swagger/swagger-core/1.6.12/swagger-core-1.6.12.jar:/home/runner/.m2/repository/io/swagger/swagger-models/1.6.12/swagger-models-1.6.12.jar:/home/runner/.m2/repository/io/swagger/swagger-annotations/1.6.12/swagger-annotations-1.6.12.jar:/home/runner/.m2/repository/io/swagger/swagger-parser/1.0.68/swagger-parser-1.0.68.jar:/home/runner/.m2/repository/io/swagger/swagger-compat-spec-parser/1.0.68/swagger-compat-spec-parser-1.0.68.jar:/home/runner/.m2/repository/com/github/java-json-tools/json-schema-validator/2.2.14/json-schema-validator-2.2.14.jar:/home/runner/.m2/repository/com/github/java-json-tools/jackson-coreutils-equivalence/1.0/jackson-coreutils-equivalence-1.0.jar:/home/runner/.m2/repository/com/github/java-json-tools/json-schema-core/1.2.14/json-schema-core-1.2.14.jar:/home/runner/.m2/repository/com/github/java-json-tools/uri-template/0.10/uri-template-0.10.jar:/home/runner/.m2/repository/org/mozilla/rhino/1.7.7.2/rhino-1.7.7.2.jar:/home/runner/.m2/repository/com/googlecode/libphonenumber/libphonenumber/8.11.1/libphonenumber-8.11.1.jar:/home/runner/.m2/repository/net/sf/jopt-simple/jopt-simple/5.0.4/jopt-simple-5.0.4.jar:/home/runner/.m2/repository/com/github/java-json-tools/json-patch/1.13/json-patch-1.13.jar:/home/runner/.m2/repository/com/github/java-json-tools/msg-simple/1.2/msg-simple-1.2.jar:/home/runner/.m2/repository/com/github/java-json-tools/btf/1.3/btf-1.3.jar:/home/runner/.m2/repository/com/github/java-json-tools/jackson-coreutils/2.0/jackson-coreutils-2.0.jar:/home/runner/.m2/repository/io/swagger/core/v3/swagger-models/2.2.17/swagger-models-2.2.17.jar:/home/runner/.m2/repository/io/swagger/parser/v3/swagger-parser-core/2.1.18/swagger-parser-core-2.1.18.jar:/home/runner/.m2/repository/io/swagger/parser/v3/swagger-parser-v3/2.1.18/swagger-parser-v3-2.1.18.jar:/home/runner/.m2/repository/io/swagger/core/v3/swagger-core/2.2.17/swagger-core-2.2.17.jar:/home/runner/.m2/repository/io/swagger/core/v3/swagger-annotations/2.2.17/swagger-annotations-2.2.17.jar:/home/runner/.m2/repository/jakarta/validation/jakarta.validation-api/3.0.2/jakarta.validation-api-3.0.2.jar:/home/runner/.m2/repository/io/swagger/parser/v3/swagger-parser-safe-url-resolver/2.1.18/swagger-parser-safe-url-resolver-2.1.18.jar:/home/runner/.m2/repository/com/fasterxml/jackson/dataformat/jackson-dataformat-yaml/2.15.3/jackson-dataformat-yaml-2.15.3.jar:/home/runner/.m2/repository/com/samskivert/jmustache/1.15/jmustache-1.15.jar:/home/runner/.m2/repository/com/github/jknack/handlebars/4.3.1/handlebars-4.3.1.jar:/home/runner/.m2/repository/com/github/jknack/handlebars-jackson2/4.3.1/handlebars-jackson2-4.3.1.jar:/home/runner/.m2/repository/commons-io/commons-io/2.11.0/commons-io-2.11.0.jar:/home/runner/.m2/repository/org/slf4j/slf4j-ext/2.0.9/slf4j-ext-2.0.9.jar:/home/runner/.m2/repository/org/slf4j/slf4j-simple/2.0.9/slf4j-simple-2.0.9.jar:/home/runner/.m2/repository/org/apache/commons/commons-lang3/3.13.0/commons-lang3-3.13.0.jar:/home/runner/.m2/repository/org/apache/commons/commons-text/1.10.0/commons-text-1.10.0.jar:/home/runner/.m2/repository/commons-cli/commons-cli/1.5.0/commons-cli-1.5.0.jar:/home/runner/.m2/repository/com/google/guava/guava/32.1.3-jre/guava-32.1.3-jre.jar:/home/runner/.m2/repository/com/google/guava/failureaccess/1.0.1/failureaccess-1.0.1.jar:/home/runner/.m2/repository/com/google/guava/listenablefuture/9999.0-empty-to-avoid-conflict-with-guava/listenablefuture-9999.0-empty-to-avoid-conflict-with-guava.jar:/home/runner/.m2/repository/com/google/code/findbugs/jsr305/3.0.2/jsr305-3.0.2.jar:/home/runner/.m2/repository/org/checkerframework/checker-qual/3.37.0/checker-qual-3.37.0.jar:/home/runner/.m2/repository/com/google/errorprone/error_prone_annotations/2.21.1/error_prone_annotations-2.21.1.jar:/home/runner/.m2/repository/com/google/j2objc/j2objc-annotations/2.8/j2objc-annotations-2.8.jar:/home/runner/.m2/repository/com/fasterxml/jackson/datatype/jackson-datatype-guava/2.15.3/jackson-datatype-guava-2.15.3.jar:/home/runner/.m2/repository/org/commonmark/commonmark/0.21.0/commonmark-0.21.0.jar:/home/runner/.m2/repository/com/github/mifmif/generex/1.0.2/generex-1.0.2.jar:/home/runner/.m2/repository/dk/brics/automaton/automaton/1.11-8/automaton-1.11-8.jar:/home/runner/.m2/repository/com/github/curious-odd-man/rgxgen/1.4/rgxgen-1.4.jar:/home/runner/.m2/repository/com/fasterxml/jackson/datatype/jackson-datatype-joda/2.15.3/jackson-datatype-joda-2.15.3.jar:/home/runner/.m2/repository/joda-time/joda-time/2.10.14/joda-time-2.10.14.jar:/home/runner/.m2/repository/com/github/joschi/jackson/jackson-datatype-threetenbp/2.15.2/jackson-datatype-threetenbp-2.15.2.jar:/home/runner/.m2/repository/org/threeten/threetenbp/1.6.8/threetenbp-1.6.8.jar:/home/runner/.m2/repository/org/openapitools/openapi-generator-core/7.1.0/openapi-generator-core-7.1.0.jar:/home/runner/.m2/repository/net/java/dev/jna/jna/5.12.1/jna-5.12.1.jar:/home/runner/.m2/repository/com/github/ben-manes/caffeine/caffeine/3.1.8/caffeine-3.1.8.jar:/home/runner/.m2/repository/org/projectlombok/lombok/1.18.30/lombok-1.18.30.jar:/home/runner/.m2/repository/org/mapstruct/mapstruct/1.6.0.Beta1/mapstruct-1.6.0.Beta1.jar:/home/runner/.m2/repository/org/mapstruct/mapstruct-processor/1.6.0.Beta1/mapstruct-processor-1.6.0.Beta1.jar:/home/runner/.m2/repository/javax/servlet/javax.servlet-api/4.0.1/javax.servlet-api-4.0.1.jar:/home/runner/.m2/repository/javax/validation/validation-api/2.0.1.Final/validation-api-2.0.1.Final.jar:/home/runner/.m2/repository/javax/annotation/javax.annotation-api/1.3.2/javax.annotation-api-1.3.2.jar:/home/runner/.m2/repository/org/springframework/boot/spring-boot-starter-data-jpa/3.2.1/spring-boot-starter-data-jpa-3.2.1.jar:/home/runner/.m2/repository/org/springframework/boot/spring-boot-starter-aop/3.2.0/spring-boot-starter-aop-3.2.0.jar:/home/runner/.m2/repository/org/aspectj/aspectjweaver/1.9.20.1/aspectjweaver-1.9.20.1.jar:/home/runner/.m2/repository/org/springframework/boot/spring-boot-starter-jdbc/3.2.0/spring-boot-starter-jdbc-3.2.0.jar:/home/runner/.m2/repository/com/zaxxer/HikariCP/5.0.1/HikariCP-5.0.1.jar:/home/runner/.m2/repository/org/springframework/spring-jdbc/6.1.1/spring-jdbc-6.1.1.jar:/home/runner/.m2/repository/org/hibernate/orm/hibernate-core/6.3.1.Final/hibernate-core-6.3.1.Final.jar:/home/runner/.m2/repository/jakarta/persistence/jakarta.persistence-api/3.1.0/jakarta.persistence-api-3.1.0.jar:/home/runner/.m2/repository/jakarta/transaction/jakarta.transaction-api/2.0.1/jakarta.transaction-api-2.0.1.jar:/home/runner/.m2/repository/org/jboss/logging/jboss-logging/3.5.3.Final/jboss-logging-3.5.3.Final.jar:/home/runner/.m2/repository/org/hibernate/common/hibernate-commons-annotations/6.0.6.Final/hibernate-commons-annotations-6.0.6.Final.jar:/home/runner/.m2/repository/io/smallrye/jandex/3.1.2/jandex-3.1.2.jar:/home/runner/.m2/repository/com/fasterxml/classmate/1.6.0/classmate-1.6.0.jar:/home/runner/.m2/repository/org/glassfish/jaxb/jaxb-runtime/4.0.4/jaxb-runtime-4.0.4.jar:/home/runner/.m2/repository/org/glassfish/jaxb/jaxb-core/4.0.4/jaxb-core-4.0.4.jar:/home/runner/.m2/repository/org/eclipse/angus/angus-activation/2.0.1/angus-activation-2.0.1.jar:/home/runner/.m2/repository/org/glassfish/jaxb/txw2/4.0.4/txw2-4.0.4.jar:/home/runner/.m2/repository/com/sun/istack/istack-commons-runtime/4.1.2/istack-commons-runtime-4.1.2.jar:/home/runner/.m2/repository/jakarta/inject/jakarta.inject-api/2.0.1/jakarta.inject-api-2.0.1.jar:/home/runner/.m2/repository/org/antlr/antlr4-runtime/4.10.1/antlr4-runtime-4.10.1.jar:/home/runner/.m2/repository/org/springframework/data/spring-data-jpa/3.2.0/spring-data-jpa-3.2.0.jar:/home/runner/.m2/repository/org/springframework/data/spring-data-commons/3.2.0/spring-data-commons-3.2.0.jar:/home/runner/.m2/repository/org/springframework/spring-orm/6.1.1/spring-orm-6.1.1.jar:/home/runner/.m2/repository/org/springframework/spring-tx/6.1.1/spring-tx-6.1.1.jar:/home/runner/.m2/repository/org/springframework/spring-aspects/6.1.1/spring-aspects-6.1.1.jar:/home/runner/.m2/repository/io/rest-assured/rest-assured/5.4.0/rest-assured-5.4.0.jar:/home/runner/.m2/repository/org/apache/groovy/groovy/4.0.15/groovy-4.0.15.jar:/home/runner/.m2/repository/org/apache/groovy/groovy-xml/4.0.15/groovy-xml-4.0.15.jar:/home/runner/.m2/repository/org/apache/httpcomponents/httpclient/4.5.13/httpclient-4.5.13.jar:/home/runner/.m2/repository/org/apache/httpcomponents/httpcore/4.4.16/httpcore-4.4.16.jar:/home/runner/.m2/repository/commons-logging/commons-logging/1.2/commons-logging-1.2.jar:/home/runner/.m2/repository/commons-codec/commons-codec/1.16.0/commons-codec-1.16.0.jar:/home/runner/.m2/repository/org/apache/httpcomponents/httpmime/4.5.13/httpmime-4.5.13.jar:/home/runner/.m2/repository/org/ccil/cowan/tagsoup/tagsoup/1.2.1/tagsoup-1.2.1.jar:/home/runner/.m2/repository/io/rest-assured/json-path/5.3.2/json-path-5.3.2.jar:/home/runner/.m2/repository/org/apache/groovy/groovy-json/4.0.15/groovy-json-4.0.15.jar:/home/runner/.m2/repository/io/rest-assured/rest-assured-common/5.3.2/rest-assured-common-5.3.2.jar:/home/runner/.m2/repository/io/rest-assured/xml-path/5.3.2/xml-path-5.3.2.jar:"/>
    <property name="java.vm.vendor" value="Eclipse Adoptium"/>
    <property name="sun.arch.data.model" value="64"/>
    <property name="catalina.useNaming" value="false"/>
    <property name="java.vendor.url" value="https://adoptium.net/"/>
    <property name="user.timezone" value="Etc/UTC"/>
    <property name="org.jboss.logging.provider" value="slf4j"/>
    <property name="os.name" value="Linux"/>
    <property name="java.vm.specification.version" value="17"/>
    <property name="sun.java.launcher" value="SUN_STANDARD"/>
    <property name="sun.boot.library.path" value="/usr/lib/jvm/temurin-17-jdk-amd64/lib"/>
    <property name="sun.java.command" value="/home/runner/work/spring-java-template/spring-java-template/frameworks/target/surefire/surefirebooter-20240202001631195_3.jar /home/runner/work/spring-java-template/spring-java-template/frameworks/target/surefire 2024-02-02T00-16-30_709-jvmRun1 surefire-20240202001631195_1tmp surefire_0-20240202001631195_2tmp"/>
    <property name="jdk.debug" value="release"/>
    <property name="surefire.test.class.path" value="/home/runner/work/spring-java-template/spring-java-template/frameworks/target/test-classes:/home/runner/work/spring-java-template/spring-java-template/frameworks/target/classes:/home/runner/.m2/repository/pt/com/francisco/app/0.0.1-SNAPSHOT/app-0.0.1-SNAPSHOT.jar:/home/runner/.m2/repository/pt/com/francisco/entities/0.0.1-SNAPSHOT/entities-0.0.1-SNAPSHOT.jar:/home/runner/.m2/repository/com/fasterxml/jackson/core/jackson-annotations/2.15.3/jackson-annotations-2.15.3.jar:/home/runner/.m2/repository/org/springframework/boot/spring-boot-starter/3.2.0/spring-boot-starter-3.2.0.jar:/home/runner/.m2/repository/org/springframework/boot/spring-boot/3.2.0/spring-boot-3.2.0.jar:/home/runner/.m2/repository/org/springframework/spring-context/6.1.1/spring-context-6.1.1.jar:/home/runner/.m2/repository/org/springframework/boot/spring-boot-autoconfigure/3.2.0/spring-boot-autoconfigure-3.2.0.jar:/home/runner/.m2/repository/org/springframework/boot/spring-boot-starter-logging/3.2.0/spring-boot-starter-logging-3.2.0.jar:/home/runner/.m2/repository/ch/qos/logback/logback-classic/1.4.11/logback-classic-1.4.11.jar:/home/runner/.m2/repository/ch/qos/logback/logback-core/1.4.11/logback-core-1.4.11.jar:/home/runner/.m2/repository/org/apache/logging/log4j/log4j-to-slf4j/2.21.1/log4j-to-slf4j-2.21.1.jar:/home/runner/.m2/repository/org/apache/logging/log4j/log4j-api/2.21.1/log4j-api-2.21.1.jar:/home/runner/.m2/repository/org/slf4j/jul-to-slf4j/2.0.9/jul-to-slf4j-2.0.9.jar:/home/runner/.m2/repository/jakarta/annotation/jakarta.annotation-api/2.1.1/jakarta.annotation-api-2.1.1.jar:/home/runner/.m2/repository/org/springframework/spring-core/6.1.1/spring-core-6.1.1.jar:/home/runner/.m2/repository/org/springframework/spring-jcl/6.1.1/spring-jcl-6.1.1.jar:/home/runner/.m2/repository/org/yaml/snakeyaml/2.2/snakeyaml-2.2.jar:/home/runner/.m2/repository/org/springframework/boot/spring-boot-starter-test/3.2.0/spring-boot-starter-test-3.2.0.jar:/home/runner/.m2/repository/org/springframework/boot/spring-boot-test/3.2.0/spring-boot-test-3.2.0.jar:/home/runner/.m2/repository/org/springframework/boot/spring-boot-test-autoconfigure/3.2.0/spring-boot-test-autoconfigure-3.2.0.jar:/home/runner/.m2/repository/com/jayway/jsonpath/json-path/2.8.0/json-path-2.8.0.jar:/home/runner/.m2/repository/org/slf4j/slf4j-api/2.0.9/slf4j-api-2.0.9.jar:/home/runner/.m2/repository/jakarta/xml/bind/jakarta.xml.bind-api/4.0.1/jakarta.xml.bind-api-4.0.1.jar:/home/runner/.m2/repository/jakarta/activation/jakarta.activation-api/2.1.2/jakarta.activation-api-2.1.2.jar:/home/runner/.m2/repository/net/minidev/json-smart/2.5.0/json-smart-2.5.0.jar:/home/runner/.m2/repository/net/minidev/accessors-smart/2.5.0/accessors-smart-2.5.0.jar:/home/runner/.m2/repository/org/ow2/asm/asm/9.3/asm-9.3.jar:/home/runner/.m2/repository/org/assertj/assertj-core/3.24.2/assertj-core-3.24.2.jar:/home/runner/.m2/repository/net/bytebuddy/byte-buddy/1.14.10/byte-buddy-1.14.10.jar:/home/runner/.m2/repository/org/awaitility/awaitility/4.2.0/awaitility-4.2.0.jar:/home/runner/.m2/repository/org/hamcrest/hamcrest/2.2/hamcrest-2.2.jar:/home/runner/.m2/repository/org/junit/jupiter/junit-jupiter/5.10.1/junit-jupiter-5.10.1.jar:/home/runner/.m2/repository/org/junit/jupiter/junit-jupiter-api/5.10.1/junit-jupiter-api-5.10.1.jar:/home/runner/.m2/repository/org/opentest4j/opentest4j/1.3.0/opentest4j-1.3.0.jar:/home/runner/.m2/repository/org/junit/platform/junit-platform-commons/1.10.1/junit-platform-commons-1.10.1.jar:/home/runner/.m2/repository/org/apiguardian/apiguardian-api/1.1.2/apiguardian-api-1.1.2.jar:/home/runner/.m2/repository/org/junit/jupiter/junit-jupiter-params/5.10.1/junit-jupiter-params-5.10.1.jar:/home/runner/.m2/repository/org/junit/jupiter/junit-jupiter-engine/5.10.1/junit-jupiter-engine-5.10.1.jar:/home/runner/.m2/repository/org/junit/platform/junit-platform-engine/1.10.1/junit-platform-engine-1.10.1.jar:/home/runner/.m2/repository/org/mockito/mockito-core/5.8.0/mockito-core-5.8.0.jar:/home/runner/.m2/repository/net/bytebuddy/byte-buddy-agent/1.14.10/byte-buddy-agent-1.14.10.jar:/home/runner/.m2/repository/org/objenesis/objenesis/3.3/objenesis-3.3.jar:/home/runner/.m2/repository/org/mockito/mockito-junit-jupiter/5.7.0/mockito-junit-jupiter-5.7.0.jar:/home/runner/.m2/repository/org/skyscreamer/jsonassert/1.5.1/jsonassert-1.5.1.jar:/home/runner/.m2/repository/com/vaadin/external/google/android-json/0.0.20131108.vaadin1/android-json-0.0.20131108.vaadin1.jar:/home/runner/.m2/repository/org/springframework/spring-test/6.1.1/spring-test-6.1.1.jar:/home/runner/.m2/repository/org/xmlunit/xmlunit-core/2.9.1/xmlunit-core-2.9.1.jar:/home/runner/.m2/repository/org/springframework/boot/spring-boot-starter-web/3.2.0/spring-boot-starter-web-3.2.0.jar:/home/runner/.m2/repository/org/springframework/boot/spring-boot-starter-json/3.2.0/spring-boot-starter-json-3.2.0.jar:/home/runner/.m2/repository/com/fasterxml/jackson/datatype/jackson-datatype-jdk8/2.15.3/jackson-datatype-jdk8-2.15.3.jar:/home/runner/.m2/repository/com/fasterxml/jackson/datatype/jackson-datatype-jsr310/2.15.3/jackson-datatype-jsr310-2.15.3.jar:/home/runner/.m2/repository/com/fasterxml/jackson/module/jackson-module-parameter-names/2.15.3/jackson-module-parameter-names-2.15.3.jar:/home/runner/.m2/repository/org/springframework/boot/spring-boot-starter-tomcat/3.2.0/spring-boot-starter-tomcat-3.2.0.jar:/home/runner/.m2/repository/org/apache/tomcat/embed/tomcat-embed-core/10.1.16/tomcat-embed-core-10.1.16.jar:/home/runner/.m2/repository/org/apache/tomcat/embed/tomcat-embed-el/10.1.16/tomcat-embed-el-10.1.16.jar:/home/runner/.m2/repository/org/apache/tomcat/embed/tomcat-embed-websocket/10.1.16/tomcat-embed-websocket-10.1.16.jar:/home/runner/.m2/repository/org/springframework/spring-web/6.1.1/spring-web-6.1.1.jar:/home/runner/.m2/repository/org/springframework/spring-beans/6.1.1/spring-beans-6.1.1.jar:/home/runner/.m2/repository/io/micrometer/micrometer-observation/1.12.0/micrometer-observation-1.12.0.jar:/home/runner/.m2/repository/io/micrometer/micrometer-commons/1.12.0/micrometer-commons-1.12.0.jar:/home/runner/.m2/repository/org/springframework/spring-webmvc/6.1.1/spring-webmvc-6.1.1.jar:/home/runner/.m2/repository/org/springframework/spring-aop/6.1.1/spring-aop-6.1.1.jar:/home/runner/.m2/repository/org/springframework/spring-expression/6.1.1/spring-expression-6.1.1.jar:/home/runner/.m2/repository/pt/com/francisco/interfaceAdapters/0.0.1-SNAPSHOT/interfaceAdapters-0.0.1-SNAPSHOT.jar:/home/runner/.m2/repository/com/h2database/h2/2.2.224/h2-2.2.224.jar:/home/runner/.m2/repository/org/openapitools/jackson-databind-nullable/0.2.6/jackson-databind-nullable-0.2.6.jar:/home/runner/.m2/repository/com/fasterxml/jackson/core/jackson-databind/2.15.3/jackson-databind-2.15.3.jar:/home/runner/.m2/repository/com/fasterxml/jackson/core/jackson-core/2.15.3/jackson-core-2.15.3.jar:/home/runner/.m2/repository/org/openapitools/openapi-generator-maven-plugin/7.1.0/openapi-generator-maven-plugin-7.1.0.jar:/home/runner/.m2/repository/org/sonatype/plexus/plexus-build-api/0.0.7/plexus-build-api-0.0.7.jar:/home/runner/.m2/repository/org/codehaus/plexus/plexus-utils/1.5.8/plexus-utils-1.5.8.jar:/home/runner/.m2/repository/org/apache/maven/plugin-tools/maven-plugin-annotations/3.9.0/maven-plugin-annotations-3.9.0.jar:/home/runner/.m2/repository/org/openapitools/openapi-generator/7.1.0/openapi-generator-7.1.0.jar:/home/runner/.m2/repository/io/swagger/parser/v3/swagger-parser/2.1.18/swagger-parser-2.1.18.jar:/home/runner/.m2/repository/io/swagger/parser/v3/swagger-parser-v2-converter/2.1.18/swagger-parser-v2-converter-2.1.18.jar:/home/runner/.m2/repository/io/swagger/swagger-core/1.6.12/swagger-core-1.6.12.jar:/home/runner/.m2/repository/io/swagger/swagger-models/1.6.12/swagger-models-1.6.12.jar:/home/runner/.m2/repository/io/swagger/swagger-annotations/1.6.12/swagger-annotations-1.6.12.jar:/home/runner/.m2/repository/io/swagger/swagger-parser/1.0.68/swagger-parser-1.0.68.jar:/home/runner/.m2/repository/io/swagger/swagger-compat-spec-parser/1.0.68/swagger-compat-spec-parser-1.0.68.jar:/home/runner/.m2/repository/com/github/java-json-tools/json-schema-validator/2.2.14/json-schema-validator-2.2.14.jar:/home/runner/.m2/repository/com/github/java-json-tools/jackson-coreutils-equivalence/1.0/jackson-coreutils-equivalence-1.0.jar:/home/runner/.m2/repository/com/github/java-json-tools/json-schema-core/1.2.14/json-schema-core-1.2.14.jar:/home/runner/.m2/repository/com/github/java-json-tools/uri-template/0.10/uri-template-0.10.jar:/home/runner/.m2/repository/org/mozilla/rhino/1.7.7.2/rhino-1.7.7.2.jar:/home/runner/.m2/repository/com/googlecode/libphonenumber/libphonenumber/8.11.1/libphonenumber-8.11.1.jar:/home/runner/.m2/repository/net/sf/jopt-simple/jopt-simple/5.0.4/jopt-simple-5.0.4.jar:/home/runner/.m2/repository/com/github/java-json-tools/json-patch/1.13/json-patch-1.13.jar:/home/runner/.m2/repository/com/github/java-json-tools/msg-simple/1.2/msg-simple-1.2.jar:/home/runner/.m2/repository/com/github/java-json-tools/btf/1.3/btf-1.3.jar:/home/runner/.m2/repository/com/github/java-json-tools/jackson-coreutils/2.0/jackson-coreutils-2.0.jar:/home/runner/.m2/repository/io/swagger/core/v3/swagger-models/2.2.17/swagger-models-2.2.17.jar:/home/runner/.m2/repository/io/swagger/parser/v3/swagger-parser-core/2.1.18/swagger-parser-core-2.1.18.jar:/home/runner/.m2/repository/io/swagger/parser/v3/swagger-parser-v3/2.1.18/swagger-parser-v3-2.1.18.jar:/home/runner/.m2/repository/io/swagger/core/v3/swagger-core/2.2.17/swagger-core-2.2.17.jar:/home/runner/.m2/repository/io/swagger/core/v3/swagger-annotations/2.2.17/swagger-annotations-2.2.17.jar:/home/runner/.m2/repository/jakarta/validation/jakarta.validation-api/3.0.2/jakarta.validation-api-3.0.2.jar:/home/runner/.m2/repository/io/swagger/parser/v3/swagger-parser-safe-url-resolver/2.1.18/swagger-parser-safe-url-resolver-2.1.18.jar:/home/runner/.m2/repository/com/fasterxml/jackson/dataformat/jackson-dataformat-yaml/2.15.3/jackson-dataformat-yaml-2.15.3.jar:/home/runner/.m2/repository/com/samskivert/jmustache/1.15/jmustache-1.15.jar:/home/runner/.m2/repository/com/github/jknack/handlebars/4.3.1/handlebars-4.3.1.jar:/home/runner/.m2/repository/com/github/jknack/handlebars-jackson2/4.3.1/handlebars-jackson2-4.3.1.jar:/home/runner/.m2/repository/commons-io/commons-io/2.11.0/commons-io-2.11.0.jar:/home/runner/.m2/repository/org/slf4j/slf4j-ext/2.0.9/slf4j-ext-2.0.9.jar:/home/runner/.m2/repository/org/slf4j/slf4j-simple/2.0.9/slf4j-simple-2.0.9.jar:/home/runner/.m2/repository/org/apache/commons/commons-lang3/3.13.0/commons-lang3-3.13.0.jar:/home/runner/.m2/repository/org/apache/commons/commons-text/1.10.0/commons-text-1.10.0.jar:/home/runner/.m2/repository/commons-cli/commons-cli/1.5.0/commons-cli-1.5.0.jar:/home/runner/.m2/repository/com/google/guava/guava/32.1.3-jre/guava-32.1.3-jre.jar:/home/runner/.m2/repository/com/google/guava/failureaccess/1.0.1/failureaccess-1.0.1.jar:/home/runner/.m2/repository/com/google/guava/listenablefuture/9999.0-empty-to-avoid-conflict-with-guava/listenablefuture-9999.0-empty-to-avoid-conflict-with-guava.jar:/home/runner/.m2/repository/com/google/code/findbugs/jsr305/3.0.2/jsr305-3.0.2.jar:/home/runner/.m2/repository/org/checkerframework/checker-qual/3.37.0/checker-qual-3.37.0.jar:/home/runner/.m2/repository/com/google/errorprone/error_prone_annotations/2.21.1/error_prone_annotations-2.21.1.jar:/home/runner/.m2/repository/com/google/j2objc/j2objc-annotations/2.8/j2objc-annotations-2.8.jar:/home/runner/.m2/repository/com/fasterxml/jackson/datatype/jackson-datatype-guava/2.15.3/jackson-datatype-guava-2.15.3.jar:/home/runner/.m2/repository/org/commonmark/commonmark/0.21.0/commonmark-0.21.0.jar:/home/runner/.m2/repository/com/github/mifmif/generex/1.0.2/generex-1.0.2.jar:/home/runner/.m2/repository/dk/brics/automaton/automaton/1.11-8/automaton-1.11-8.jar:/home/runner/.m2/repository/com/github/curious-odd-man/rgxgen/1.4/rgxgen-1.4.jar:/home/runner/.m2/repository/com/fasterxml/jackson/datatype/jackson-datatype-joda/2.15.3/jackson-datatype-joda-2.15.3.jar:/home/runner/.m2/repository/joda-time/joda-time/2.10.14/joda-time-2.10.14.jar:/home/runner/.m2/repository/com/github/joschi/jackson/jackson-datatype-threetenbp/2.15.2/jackson-datatype-threetenbp-2.15.2.jar:/home/runner/.m2/repository/org/threeten/threetenbp/1.6.8/threetenbp-1.6.8.jar:/home/runner/.m2/repository/org/openapitools/openapi-generator-core/7.1.0/openapi-generator-core-7.1.0.jar:/home/runner/.m2/repository/net/java/dev/jna/jna/5.12.1/jna-5.12.1.jar:/home/runner/.m2/repository/com/github/ben-manes/caffeine/caffeine/3.1.8/caffeine-3.1.8.jar:/home/runner/.m2/repository/org/projectlombok/lombok/1.18.30/lombok-1.18.30.jar:/home/runner/.m2/repository/org/mapstruct/mapstruct/1.6.0.Beta1/mapstruct-1.6.0.Beta1.jar:/home/runner/.m2/repository/org/mapstruct/mapstruct-processor/1.6.0.Beta1/mapstruct-processor-1.6.0.Beta1.jar:/home/runner/.m2/repository/javax/servlet/javax.servlet-api/4.0.1/javax.servlet-api-4.0.1.jar:/home/runner/.m2/repository/javax/validation/validation-api/2.0.1.Final/validation-api-2.0.1.Final.jar:/home/runner/.m2/repository/javax/annotation/javax.annotation-api/1.3.2/javax.annotation-api-1.3.2.jar:/home/runner/.m2/repository/org/springframework/boot/spring-boot-starter-data-jpa/3.2.1/spring-boot-starter-data-jpa-3.2.1.jar:/home/runner/.m2/repository/org/springframework/boot/spring-boot-starter-aop/3.2.0/spring-boot-starter-aop-3.2.0.jar:/home/runner/.m2/repository/org/aspectj/aspectjweaver/1.9.20.1/aspectjweaver-1.9.20.1.jar:/home/runner/.m2/repository/org/springframework/boot/spring-boot-starter-jdbc/3.2.0/spring-boot-starter-jdbc-3.2.0.jar:/home/runner/.m2/repository/com/zaxxer/HikariCP/5.0.1/HikariCP-5.0.1.jar:/home/runner/.m2/repository/org/springframework/spring-jdbc/6.1.1/spring-jdbc-6.1.1.jar:/home/runner/.m2/repository/org/hibernate/orm/hibernate-core/6.3.1.Final/hibernate-core-6.3.1.Final.jar:/home/runner/.m2/repository/jakarta/persistence/jakarta.persistence-api/3.1.0/jakarta.persistence-api-3.1.0.jar:/home/runner/.m2/repository/jakarta/transaction/jakarta.transaction-api/2.0.1/jakarta.transaction-api-2.0.1.jar:/home/runner/.m2/repository/org/jboss/logging/jboss-logging/3.5.3.Final/jboss-logging-3.5.3.Final.jar:/home/runner/.m2/repository/org/hibernate/common/hibernate-commons-annotations/6.0.6.Final/hibernate-commons-annotations-6.0.6.Final.jar:/home/runner/.m2/repository/io/smallrye/jandex/3.1.2/jandex-3.1.2.jar:/home/runner/.m2/repository/com/fasterxml/classmate/1.6.0/classmate-1.6.0.jar:/home/runner/.m2/repository/org/glassfish/jaxb/jaxb-runtime/4.0.4/jaxb-runtime-4.0.4.jar:/home/runner/.m2/repository/org/glassfish/jaxb/jaxb-core/4.0.4/jaxb-core-4.0.4.jar:/home/runner/.m2/repository/org/eclipse/angus/angus-activation/2.0.1/angus-activation-2.0.1.jar:/home/runner/.m2/repository/org/glassfish/jaxb/txw2/4.0.4/txw2-4.0.4.jar:/home/runner/.m2/repository/com/sun/istack/istack-commons-runtime/4.1.2/istack-commons-runtime-4.1.2.jar:/home/runner/.m2/repository/jakarta/inject/jakarta.inject-api/2.0.1/jakarta.inject-api-2.0.1.jar:/home/runner/.m2/repository/org/antlr/antlr4-runtime/4.10.1/antlr4-runtime-4.10.1.jar:/home/runner/.m2/repository/org/springframework/data/spring-data-jpa/3.2.0/spring-data-jpa-3.2.0.jar:/home/runner/.m2/repository/org/springframework/data/spring-data-commons/3.2.0/spring-data-commons-3.2.0.jar:/home/runner/.m2/repository/org/springframework/spring-orm/6.1.1/spring-orm-6.1.1.jar:/home/runner/.m2/repository/org/springframework/spring-tx/6.1.1/spring-tx-6.1.1.jar:/home/runner/.m2/repository/org/springframework/spring-aspects/6.1.1/spring-aspects-6.1.1.jar:/home/runner/.m2/repository/io/rest-assured/rest-assured/5.4.0/rest-assured-5.4.0.jar:/home/runner/.m2/repository/org/apache/groovy/groovy/4.0.15/groovy-4.0.15.jar:/home/runner/.m2/repository/org/apache/groovy/groovy-xml/4.0.15/groovy-xml-4.0.15.jar:/home/runner/.m2/repository/org/apache/httpcomponents/httpclient/4.5.13/httpclient-4.5.13.jar:/home/runner/.m2/repository/org/apache/httpcomponents/httpcore/4.4.16/httpcore-4.4.16.jar:/home/runner/.m2/repository/commons-logging/commons-logging/1.2/commons-logging-1.2.jar:/home/runner/.m2/repository/commons-codec/commons-codec/1.16.0/commons-codec-1.16.0.jar:/home/runner/.m2/repository/org/apache/httpcomponents/httpmime/4.5.13/httpmime-4.5.13.jar:/home/runner/.m2/repository/org/ccil/cowan/tagsoup/tagsoup/1.2.1/tagsoup-1.2.1.jar:/home/runner/.m2/repository/io/rest-assured/json-path/5.3.2/json-path-5.3.2.jar:/home/runner/.m2/repository/org/apache/groovy/groovy-json/4.0.15/groovy-json-4.0.15.jar:/home/runner/.m2/repository/io/rest-assured/rest-assured-common/5.3.2/rest-assured-common-5.3.2.jar:/home/runner/.m2/repository/io/rest-assured/xml-path/5.3.2/xml-path-5.3.2.jar:"/>
    <property name="sun.cpu.endian" value="little"/>
    <property name="user.home" value="/home/runner"/>
    <property name="user.language" value="en"/>
    <property name="java.specification.vendor" value="Oracle Corporation"/>
    <property name="java.version.date" value="2024-01-16"/>
    <property name="java.home" value="/usr/lib/jvm/temurin-17-jdk-amd64"/>
    <property name="file.separator" value="/"/>
    <property name="basedir" value="/home/runner/work/spring-java-template/spring-java-template/frameworks"/>
    <property name="java.vm.compressedOopsMode" value="Zero based"/>
    <property name="line.separator" value="&#10;"/>
    <property name="java.specification.name" value="Java Platform API Specification"/>
    <property name="java.vm.specification.vendor" value="Oracle Corporation"/>
    <property name="FILE_LOG_CHARSET" value="UTF-8"/>
    <property name="java.awt.headless" value="true"/>
    <property name="surefire.real.class.path" value="/home/runner/work/spring-java-template/spring-java-template/frameworks/target/surefire/surefirebooter-20240202001631195_3.jar"/>
    <property name="sun.management.compiler" value="HotSpot 64-Bit Tiered Compilers"/>
    <property name="java.runtime.version" value="17.0.10+7"/>
    <property name="user.name" value="runner"/>
    <property name="path.separator" value=":"/>
    <property name="os.version" value="6.2.0-1019-azure"/>
    <property name="java.runtime.name" value="OpenJDK Runtime Environment"/>
    <property name="file.encoding" value="UTF-8"/>
    <property name="java.vm.name" value="OpenJDK 64-Bit Server VM"/>
    <property name="java.vendor.version" value="Temurin-17.0.10+7"/>
    <property name="localRepository" value="/home/runner/.m2/repository"/>
    <property name="java.vendor.url.bug" value="https://github.com/adoptium/adoptium-support/issues"/>
    <property name="java.io.tmpdir" value="/tmp"/>
    <property name="catalina.home" value="/tmp/tomcat.0.8150411322752700256"/>
    <property name="com.zaxxer.hikari.pool_number" value="9"/>
    <property name="java.version" value="17.0.10"/>
    <property name="user.dir" value="/home/runner/work/spring-java-template/spring-java-template/frameworks"/>
    <property name="os.arch" value="amd64"/>
    <property name="java.vm.specification.name" value="Java Virtual Machine Specification"/>
    <property name="PID" value="2250"/>
    <property name="CONSOLE_LOG_CHARSET" value="UTF-8"/>
    <property name="catalina.base" value="/tmp/tomcat.0.17939895827041684198"/>
    <property name="native.encoding" value="UTF-8"/>
    <property name="java.library.path" value="/usr/java/packages/lib:/usr/lib64:/lib64:/lib:/usr/lib"/>
    <property name="java.vm.info" value="mixed mode, sharing"/>
    <property name="java.vendor" value="Eclipse Adoptium"/>
    <property name="java.vm.version" value="17.0.10+7"/>
    <property name="sun.io.unicode.encoding" value="UnicodeLittle"/>
    <property name="java.class.version" value="61.0"/>
  </properties>
  <testcase name="shouldNotGetInexistentTask" classname="pt.com.francisco.web.TaskRestControllerTestIT" time="2.445">
    <system-out><![CDATA[00:16:32.428 [main] INFO org.springframework.test.context.support.AnnotationConfigContextLoaderUtils -- Could not detect default configuration classes for test class [pt.com.francisco.web.TaskRestControllerTestIT]: TaskRestControllerTestIT does not declare any static, non-private, non-final, nested classes annotated with @Configuration.
00:16:32.567 [main] INFO org.springframework.boot.test.context.SpringBootTestContextBootstrapper -- Found @SpringBootConfiguration pt.com.francisco.AppApplication for test class pt.com.francisco.web.TaskRestControllerTestIT

  .   ____          _            __ _ _
 /\\ / ___'_ __ _ _(_)_ __  __ _ \ \ \ \
( ( )\___ | '_ | '_| | '_ \/ _` | \ \ \ \
 \\/  ___)| |_)| | | | | || (_| |  ) ) ) )
  '  |____| .__|_| |_|_| |_\__, | / / / /
 =========|_|==============|___/=/_/_/_/
 :: Spring Boot ::                (v3.2.0)

2024-02-02T00:16:33.435Z  INFO 2250 --- [           main] p.c.f.web.TaskRestControllerTestIT       : Starting TaskRestControllerTestIT using Java 17.0.10 with PID 2250 (started by runner in /home/runner/work/spring-java-template/spring-java-template/frameworks)
2024-02-02T00:16:33.437Z  INFO 2250 --- [           main] p.c.f.web.TaskRestControllerTestIT       : No active profile set, falling back to 1 default profile: "default"
2024-02-02T00:16:34.369Z  INFO 2250 --- [           main] .s.d.r.c.RepositoryConfigurationDelegate : Bootstrapping Spring Data JPA repositories in DEFAULT mode.
2024-02-02T00:16:34.428Z  INFO 2250 --- [           main] .s.d.r.c.RepositoryConfigurationDelegate : Finished Spring Data repository scanning in 46 ms. Found 1 JPA repository interface.
2024-02-02T00:16:35.471Z  INFO 2250 --- [           main] o.s.b.w.embedded.tomcat.TomcatWebServer  : Tomcat initialized with port 0 (http)
2024-02-02T00:16:35.490Z  INFO 2250 --- [           main] o.apache.catalina.core.StandardService   : Starting service [Tomcat]
2024-02-02T00:16:35.491Z  INFO 2250 --- [           main] o.apache.catalina.core.StandardEngine    : Starting Servlet engine: [Apache Tomcat/10.1.16]
2024-02-02T00:16:35.571Z  INFO 2250 --- [           main] o.a.c.c.C.[Tomcat].[localhost].[/]       : Initializing Spring embedded WebApplicationContext
2024-02-02T00:16:35.573Z  INFO 2250 --- [           main] w.s.c.ServletWebServerApplicationContext : Root WebApplicationContext: initialization completed in 1755 ms
2024-02-02T00:16:35.792Z  INFO 2250 --- [           main] com.zaxxer.hikari.HikariDataSource       : HikariPool-1 - Starting...
2024-02-02T00:16:36.258Z  INFO 2250 --- [           main] com.zaxxer.hikari.pool.HikariPool        : HikariPool-1 - Added connection conn0: url=jdbc:h2:mem:78b455f7-df70-4ebf-b662-223d7ee07c26 user=SA
2024-02-02T00:16:36.260Z  INFO 2250 --- [           main] com.zaxxer.hikari.HikariDataSource       : HikariPool-1 - Start completed.
2024-02-02T00:16:36.342Z  INFO 2250 --- [           main] o.hibernate.jpa.internal.util.LogHelper  : HHH000204: Processing PersistenceUnitInfo [name: default]
2024-02-02T00:16:36.439Z  INFO 2250 --- [           main] org.hibernate.Version                    : HHH000412: Hibernate ORM core version 6.3.1.Final
2024-02-02T00:16:36.496Z  INFO 2250 --- [           main] o.h.c.internal.RegionFactoryInitiator    : HHH000026: Second-level cache disabled
2024-02-02T00:16:36.883Z  INFO 2250 --- [           main] o.s.o.j.p.SpringPersistenceUnitInfo      : No LoadTimeWeaver setup: ignoring JPA class transformer
2024-02-02T00:16:38.472Z  INFO 2250 --- [           main] o.h.e.t.j.p.i.JtaPlatformInitiator       : HHH000489: No JTA platform available (set 'hibernate.transaction.jta.platform' to enable JTA platform integration)
2024-02-02T00:16:38.528Z  INFO 2250 --- [           main] j.LocalContainerEntityManagerFactoryBean : Initialized JPA EntityManagerFactory for persistence unit 'default'
2024-02-02T00:16:38.811Z  WARN 2250 --- [           main] JpaBaseConfiguration$JpaWebConfiguration : spring.jpa.open-in-view is enabled by default. Therefore, database queries may be performed during view rendering. Explicitly configure spring.jpa.open-in-view to disable this warning
2024-02-02T00:16:39.120Z  WARN 2250 --- [           main] o.s.b.a.m.MustacheAutoConfiguration      : Cannot find template location: classpath:/templates/ (please add some templates, check your Mustache configuration, or set spring.mustache.check-template-location=false)
2024-02-02T00:16:39.242Z  INFO 2250 --- [           main] o.s.b.w.embedded.tomcat.TomcatWebServer  : Tomcat started on port 45511 (http) with context path ''
2024-02-02T00:16:39.251Z  INFO 2250 --- [           main] p.c.f.web.TaskRestControllerTestIT       : Started TaskRestControllerTestIT in 6.249 seconds (process running for 7.995)
2024-02-02T00:16:39.271Z  INFO 2250 --- [           main] j.LocalContainerEntityManagerFactoryBean : Closing JPA EntityManagerFactory for persistence unit 'default'
2024-02-02T00:16:39.275Z  INFO 2250 --- [           main] com.zaxxer.hikari.HikariDataSource       : HikariPool-1 - Shutdown initiated...
2024-02-02T00:16:39.278Z  INFO 2250 --- [           main] com.zaxxer.hikari.HikariDataSource       : HikariPool-1 - Shutdown completed.

  .   ____          _            __ _ _
 /\\ / ___'_ __ _ _(_)_ __  __ _ \ \ \ \
( ( )\___ | '_ | '_| | '_ \/ _` | \ \ \ \
 \\/  ___)| |_)| | | | | || (_| |  ) ) ) )
  '  |____| .__|_| |_|_| |_\__, | / / / /
 =========|_|==============|___/=/_/_/_/
 :: Spring Boot ::                (v3.2.0)

2024-02-02T00:16:39.314Z  INFO 2250 --- [           main] p.c.f.web.TaskRestControllerTestIT       : Starting TaskRestControllerTestIT using Java 17.0.10 with PID 2250 (started by runner in /home/runner/work/spring-java-template/spring-java-template/frameworks)
2024-02-02T00:16:39.315Z  INFO 2250 --- [           main] p.c.f.web.TaskRestControllerTestIT       : No active profile set, falling back to 1 default profile: "default"
2024-02-02T00:16:39.429Z  INFO 2250 --- [           main] .s.d.r.c.RepositoryConfigurationDelegate : Bootstrapping Spring Data JPA repositories in DEFAULT mode.
2024-02-02T00:16:39.434Z  INFO 2250 --- [           main] .s.d.r.c.RepositoryConfigurationDelegate : Finished Spring Data repository scanning in 4 ms. Found 1 JPA repository interface.
2024-02-02T00:16:39.545Z  INFO 2250 --- [           main] o.s.b.w.embedded.tomcat.TomcatWebServer  : Tomcat initialized with port 0 (http)
2024-02-02T00:16:39.545Z  INFO 2250 --- [           main] o.apache.catalina.core.StandardService   : Starting service [Tomcat]
2024-02-02T00:16:39.546Z  INFO 2250 --- [           main] o.apache.catalina.core.StandardEngine    : Starting Servlet engine: [Apache Tomcat/10.1.16]
2024-02-02T00:16:39.562Z  INFO 2250 --- [           main] o.a.c.c.C.[Tomcat].[localhost].[/]       : Initializing Spring embedded WebApplicationContext
2024-02-02T00:16:39.562Z  INFO 2250 --- [           main] w.s.c.ServletWebServerApplicationContext : Root WebApplicationContext: initialization completed in 244 ms
2024-02-02T00:16:39.602Z  INFO 2250 --- [           main] com.zaxxer.hikari.HikariDataSource       : HikariPool-2 - Starting...
2024-02-02T00:16:39.606Z  INFO 2250 --- [           main] com.zaxxer.hikari.pool.HikariPool        : HikariPool-2 - Added connection conn10: url=jdbc:h2:mem:465e97dd-7e24-46d6-807c-3d211fd2729f user=SA
2024-02-02T00:16:39.607Z  INFO 2250 --- [           main] com.zaxxer.hikari.HikariDataSource       : HikariPool-2 - Start completed.
2024-02-02T00:16:39.608Z  INFO 2250 --- [           main] o.hibernate.jpa.internal.util.LogHelper  : HHH000204: Processing PersistenceUnitInfo [name: default]
2024-02-02T00:16:39.610Z  INFO 2250 --- [           main] o.h.c.internal.RegionFactoryInitiator    : HHH000026: Second-level cache disabled
2024-02-02T00:16:39.613Z  INFO 2250 --- [           main] o.s.o.j.p.SpringPersistenceUnitInfo      : No LoadTimeWeaver setup: ignoring JPA class transformer
2024-02-02T00:16:39.659Z  INFO 2250 --- [           main] o.h.e.t.j.p.i.JtaPlatformInitiator       : HHH000489: No JTA platform available (set 'hibernate.transaction.jta.platform' to enable JTA platform integration)
2024-02-02T00:16:39.663Z  INFO 2250 --- [           main] j.LocalContainerEntityManagerFactoryBean : Initialized JPA EntityManagerFactory for persistence unit 'default'
2024-02-02T00:16:39.707Z  WARN 2250 --- [           main] JpaBaseConfiguration$JpaWebConfiguration : spring.jpa.open-in-view is enabled by default. Therefore, database queries may be performed during view rendering. Explicitly configure spring.jpa.open-in-view to disable this warning
2024-02-02T00:16:39.788Z  WARN 2250 --- [           main] o.s.b.a.m.MustacheAutoConfiguration      : Cannot find template location: classpath:/templates/ (please add some templates, check your Mustache configuration, or set spring.mustache.check-template-location=false)
2024-02-02T00:16:39.824Z  INFO 2250 --- [           main] o.s.b.w.embedded.tomcat.TomcatWebServer  : Tomcat started on port 39355 (http) with context path ''
2024-02-02T00:16:39.829Z  INFO 2250 --- [           main] p.c.f.web.TaskRestControllerTestIT       : Started TaskRestControllerTestIT in 0.544 seconds (process running for 8.573)
2024-02-02T00:16:41.412Z  INFO 2250 --- [o-auto-2-exec-1] o.a.c.c.C.[Tomcat].[localhost].[/]       : Initializing Spring DispatcherServlet 'dispatcherServlet'
2024-02-02T00:16:41.412Z  INFO 2250 --- [o-auto-2-exec-1] o.s.web.servlet.DispatcherServlet        : Initializing Servlet 'dispatcherServlet'
2024-02-02T00:16:41.414Z  INFO 2250 --- [o-auto-2-exec-1] o.s.web.servlet.DispatcherServlet        : Completed initialization in 2 ms
]]></system-out>
    <system-err><![CDATA[SLF4J: Class path contains multiple SLF4J providers.
SLF4J: Found provider [ch.qos.logback.classic.spi.LogbackServiceProvider@2cae1042]
SLF4J: Found provider [org.slf4j.simple.SimpleServiceProvider@163d04ff]
SLF4J: See https://www.slf4j.org/codes.html#multiple_bindings for an explanation.
SLF4J: Actual provider is of type [ch.qos.logback.classic.spi.LogbackServiceProvider@2cae1042]
]]></system-err>
  </testcase>
  <testcase name="shouldNotCreateTaskWithInvalidModel" classname="pt.com.francisco.web.TaskRestControllerTestIT" time="0.546">
    <system-out><![CDATA[2024-02-02T00:16:41.710Z  INFO 2250 --- [           main] j.LocalContainerEntityManagerFactoryBean : Closing JPA EntityManagerFactory for persistence unit 'default'
2024-02-02T00:16:41.712Z  INFO 2250 --- [           main] com.zaxxer.hikari.HikariDataSource       : HikariPool-2 - Shutdown initiated...
2024-02-02T00:16:41.713Z  INFO 2250 --- [           main] com.zaxxer.hikari.HikariDataSource       : HikariPool-2 - Shutdown completed.

  .   ____          _            __ _ _
 /\\ / ___'_ __ _ _(_)_ __  __ _ \ \ \ \
( ( )\___ | '_ | '_| | '_ \/ _` | \ \ \ \
 \\/  ___)| |_)| | | | | || (_| |  ) ) ) )
  '  |____| .__|_| |_|_| |_\__, | / / / /
 =========|_|==============|___/=/_/_/_/
 :: Spring Boot ::                (v3.2.0)

2024-02-02T00:16:41.742Z  INFO 2250 --- [           main] p.c.f.web.TaskRestControllerTestIT       : Starting TaskRestControllerTestIT using Java 17.0.10 with PID 2250 (started by runner in /home/runner/work/spring-java-template/spring-java-template/frameworks)
2024-02-02T00:16:41.742Z  INFO 2250 --- [           main] p.c.f.web.TaskRestControllerTestIT       : No active profile set, falling back to 1 default profile: "default"
2024-02-02T00:16:41.832Z  INFO 2250 --- [           main] .s.d.r.c.RepositoryConfigurationDelegate : Bootstrapping Spring Data JPA repositories in DEFAULT mode.
2024-02-02T00:16:41.836Z  INFO 2250 --- [           main] .s.d.r.c.RepositoryConfigurationDelegate : Finished Spring Data repository scanning in 3 ms. Found 1 JPA repository interface.
2024-02-02T00:16:41.926Z  INFO 2250 --- [           main] o.s.b.w.embedded.tomcat.TomcatWebServer  : Tomcat initialized with port 0 (http)
2024-02-02T00:16:41.926Z  INFO 2250 --- [           main] o.apache.catalina.core.StandardService   : Starting service [Tomcat]
2024-02-02T00:16:41.927Z  INFO 2250 --- [           main] o.apache.catalina.core.StandardEngine    : Starting Servlet engine: [Apache Tomcat/10.1.16]
2024-02-02T00:16:41.942Z  INFO 2250 --- [           main] o.a.c.c.C.[Tomcat].[localhost].[/]       : Initializing Spring embedded WebApplicationContext
2024-02-02T00:16:41.942Z  INFO 2250 --- [           main] w.s.c.ServletWebServerApplicationContext : Root WebApplicationContext: initialization completed in 198 ms
2024-02-02T00:16:41.975Z  INFO 2250 --- [           main] com.zaxxer.hikari.HikariDataSource       : HikariPool-3 - Starting...
2024-02-02T00:16:41.980Z  INFO 2250 --- [           main] com.zaxxer.hikari.pool.HikariPool        : HikariPool-3 - Added connection conn20: url=jdbc:h2:mem:8338c61c-4fa3-40ff-8421-5cdc4e894b6d user=SA
2024-02-02T00:16:41.980Z  INFO 2250 --- [           main] com.zaxxer.hikari.HikariDataSource       : HikariPool-3 - Start completed.
2024-02-02T00:16:41.981Z  INFO 2250 --- [           main] o.hibernate.jpa.internal.util.LogHelper  : HHH000204: Processing PersistenceUnitInfo [name: default]
2024-02-02T00:16:41.983Z  INFO 2250 --- [           main] o.h.c.internal.RegionFactoryInitiator    : HHH000026: Second-level cache disabled
2024-02-02T00:16:41.986Z  INFO 2250 --- [           main] o.s.o.j.p.SpringPersistenceUnitInfo      : No LoadTimeWeaver setup: ignoring JPA class transformer
2024-02-02T00:16:42.025Z  INFO 2250 --- [           main] o.h.e.t.j.p.i.JtaPlatformInitiator       : HHH000489: No JTA platform available (set 'hibernate.transaction.jta.platform' to enable JTA platform integration)
2024-02-02T00:16:42.029Z  INFO 2250 --- [           main] j.LocalContainerEntityManagerFactoryBean : Initialized JPA EntityManagerFactory for persistence unit 'default'
2024-02-02T00:16:42.065Z  WARN 2250 --- [           main] JpaBaseConfiguration$JpaWebConfiguration : spring.jpa.open-in-view is enabled by default. Therefore, database queries may be performed during view rendering. Explicitly configure spring.jpa.open-in-view to disable this warning
2024-02-02T00:16:42.120Z  WARN 2250 --- [           main] o.s.b.a.m.MustacheAutoConfiguration      : Cannot find template location: classpath:/templates/ (please add some templates, check your Mustache configuration, or set spring.mustache.check-template-location=false)
2024-02-02T00:16:42.145Z  INFO 2250 --- [           main] o.s.b.w.embedded.tomcat.TomcatWebServer  : Tomcat started on port 35795 (http) with context path ''
2024-02-02T00:16:42.147Z  INFO 2250 --- [           main] p.c.f.web.TaskRestControllerTestIT       : Started TaskRestControllerTestIT in 0.429 seconds (process running for 10.892)
2024-02-02T00:16:42.201Z  INFO 2250 --- [o-auto-3-exec-1] o.a.c.c.C.[Tomcat].[localhost].[/]       : Initializing Spring DispatcherServlet 'dispatcherServlet'
2024-02-02T00:16:42.202Z  INFO 2250 --- [o-auto-3-exec-1] o.s.web.servlet.DispatcherServlet        : Initializing Servlet 'dispatcherServlet'
2024-02-02T00:16:42.202Z  INFO 2250 --- [o-auto-3-exec-1] o.s.web.servlet.DispatcherServlet        : Completed initialization in 0 ms
]]></system-out>
  </testcase>
  <testcase name="shouldUpdateNewTask" classname="pt.com.francisco.web.TaskRestControllerTestIT" time="0.581">
    <system-out><![CDATA[2024-02-02T00:16:42.258Z  INFO 2250 --- [           main] j.LocalContainerEntityManagerFactoryBean : Closing JPA EntityManagerFactory for persistence unit 'default'
2024-02-02T00:16:42.260Z  INFO 2250 --- [           main] com.zaxxer.hikari.HikariDataSource       : HikariPool-3 - Shutdown initiated...
2024-02-02T00:16:42.262Z  INFO 2250 --- [           main] com.zaxxer.hikari.HikariDataSource       : HikariPool-3 - Shutdown completed.

  .   ____          _            __ _ _
 /\\ / ___'_ __ _ _(_)_ __  __ _ \ \ \ \
( ( )\___ | '_ | '_| | '_ \/ _` | \ \ \ \
 \\/  ___)| |_)| | | | | || (_| |  ) ) ) )
  '  |____| .__|_| |_|_| |_\__, | / / / /
 =========|_|==============|___/=/_/_/_/
 :: Spring Boot ::                (v3.2.0)

2024-02-02T00:16:42.286Z  INFO 2250 --- [           main] p.c.f.web.TaskRestControllerTestIT       : Starting TaskRestControllerTestIT using Java 17.0.10 with PID 2250 (started by runner in /home/runner/work/spring-java-template/spring-java-template/frameworks)
2024-02-02T00:16:42.286Z  INFO 2250 --- [           main] p.c.f.web.TaskRestControllerTestIT       : No active profile set, falling back to 1 default profile: "default"
2024-02-02T00:16:42.388Z  INFO 2250 --- [           main] .s.d.r.c.RepositoryConfigurationDelegate : Bootstrapping Spring Data JPA repositories in DEFAULT mode.
2024-02-02T00:16:42.392Z  INFO 2250 --- [           main] .s.d.r.c.RepositoryConfigurationDelegate : Finished Spring Data repository scanning in 4 ms. Found 1 JPA repository interface.
2024-02-02T00:16:42.485Z  INFO 2250 --- [           main] o.s.b.w.embedded.tomcat.TomcatWebServer  : Tomcat initialized with port 0 (http)
2024-02-02T00:16:42.486Z  INFO 2250 --- [           main] o.apache.catalina.core.StandardService   : Starting service [Tomcat]
2024-02-02T00:16:42.486Z  INFO 2250 --- [           main] o.apache.catalina.core.StandardEngine    : Starting Servlet engine: [Apache Tomcat/10.1.16]
2024-02-02T00:16:42.500Z  INFO 2250 --- [           main] o.a.c.c.C.[Tomcat].[localhost].[/]       : Initializing Spring embedded WebApplicationContext
2024-02-02T00:16:42.500Z  INFO 2250 --- [           main] w.s.c.ServletWebServerApplicationContext : Root WebApplicationContext: initialization completed in 212 ms
2024-02-02T00:16:42.534Z  INFO 2250 --- [           main] com.zaxxer.hikari.HikariDataSource       : HikariPool-4 - Starting...
2024-02-02T00:16:42.538Z  INFO 2250 --- [           main] com.zaxxer.hikari.pool.HikariPool        : HikariPool-4 - Added connection conn30: url=jdbc:h2:mem:b2f56a82-41a8-4c5c-b76d-e40648a282a3 user=SA
2024-02-02T00:16:42.538Z  INFO 2250 --- [           main] com.zaxxer.hikari.HikariDataSource       : HikariPool-4 - Start completed.
2024-02-02T00:16:42.540Z  INFO 2250 --- [           main] o.hibernate.jpa.internal.util.LogHelper  : HHH000204: Processing PersistenceUnitInfo [name: default]
2024-02-02T00:16:42.542Z  INFO 2250 --- [           main] o.h.c.internal.RegionFactoryInitiator    : HHH000026: Second-level cache disabled
2024-02-02T00:16:42.545Z  INFO 2250 --- [           main] o.s.o.j.p.SpringPersistenceUnitInfo      : No LoadTimeWeaver setup: ignoring JPA class transformer
2024-02-02T00:16:42.579Z  INFO 2250 --- [           main] o.h.e.t.j.p.i.JtaPlatformInitiator       : HHH000489: No JTA platform available (set 'hibernate.transaction.jta.platform' to enable JTA platform integration)
2024-02-02T00:16:42.583Z  INFO 2250 --- [           main] j.LocalContainerEntityManagerFactoryBean : Initialized JPA EntityManagerFactory for persistence unit 'default'
2024-02-02T00:16:42.620Z  WARN 2250 --- [           main] JpaBaseConfiguration$JpaWebConfiguration : spring.jpa.open-in-view is enabled by default. Therefore, database queries may be performed during view rendering. Explicitly configure spring.jpa.open-in-view to disable this warning
2024-02-02T00:16:42.679Z  WARN 2250 --- [           main] o.s.b.a.m.MustacheAutoConfiguration      : Cannot find template location: classpath:/templates/ (please add some templates, check your Mustache configuration, or set spring.mustache.check-template-location=false)
2024-02-02T00:16:42.721Z  INFO 2250 --- [           main] o.s.b.w.embedded.tomcat.TomcatWebServer  : Tomcat started on port 36279 (http) with context path ''
2024-02-02T00:16:42.725Z  INFO 2250 --- [           main] p.c.f.web.TaskRestControllerTestIT       : Started TaskRestControllerTestIT in 0.458 seconds (process running for 11.469)
2024-02-02T00:16:42.749Z  INFO 2250 --- [o-auto-4-exec-1] o.a.c.c.C.[Tomcat].[localhost].[/]       : Initializing Spring DispatcherServlet 'dispatcherServlet'
2024-02-02T00:16:42.749Z  INFO 2250 --- [o-auto-4-exec-1] o.s.web.servlet.DispatcherServlet        : Initializing Servlet 'dispatcherServlet'
2024-02-02T00:16:42.751Z  INFO 2250 --- [o-auto-4-exec-1] o.s.web.servlet.DispatcherServlet        : Completed initialization in 2 ms
]]></system-out>
  </testcase>
  <testcase name="shouldCreateTask" classname="pt.com.francisco.web.TaskRestControllerTestIT" time="1.051">
    <system-out><![CDATA[2024-02-02T00:16:42.838Z  INFO 2250 --- [           main] j.LocalContainerEntityManagerFactoryBean : Closing JPA EntityManagerFactory for persistence unit 'default'
2024-02-02T00:16:42.840Z  INFO 2250 --- [           main] com.zaxxer.hikari.HikariDataSource       : HikariPool-4 - Shutdown initiated...
2024-02-02T00:16:42.842Z  INFO 2250 --- [           main] com.zaxxer.hikari.HikariDataSource       : HikariPool-4 - Shutdown completed.

  .   ____          _            __ _ _
 /\\ / ___'_ __ _ _(_)_ __  __ _ \ \ \ \
( ( )\___ | '_ | '_| | '_ \/ _` | \ \ \ \
 \\/  ___)| |_)| | | | | || (_| |  ) ) ) )
  '  |____| .__|_| |_|_| |_\__, | / / / /
 =========|_|==============|___/=/_/_/_/
 :: Spring Boot ::                (v3.2.0)

2024-02-02T00:16:42.869Z  INFO 2250 --- [           main] p.c.f.web.TaskRestControllerTestIT       : Starting TaskRestControllerTestIT using Java 17.0.10 with PID 2250 (started by runner in /home/runner/work/spring-java-template/spring-java-template/frameworks)
2024-02-02T00:16:42.869Z  INFO 2250 --- [           main] p.c.f.web.TaskRestControllerTestIT       : No active profile set, falling back to 1 default profile: "default"
2024-02-02T00:16:42.935Z  INFO 2250 --- [           main] .s.d.r.c.RepositoryConfigurationDelegate : Bootstrapping Spring Data JPA repositories in DEFAULT mode.
2024-02-02T00:16:42.938Z  INFO 2250 --- [           main] .s.d.r.c.RepositoryConfigurationDelegate : Finished Spring Data repository scanning in 2 ms. Found 1 JPA repository interface.
2024-02-02T00:16:43.003Z  INFO 2250 --- [           main] o.s.b.w.embedded.tomcat.TomcatWebServer  : Tomcat initialized with port 0 (http)
2024-02-02T00:16:43.004Z  INFO 2250 --- [           main] o.apache.catalina.core.StandardService   : Starting service [Tomcat]
2024-02-02T00:16:43.004Z  INFO 2250 --- [           main] o.apache.catalina.core.StandardEngine    : Starting Servlet engine: [Apache Tomcat/10.1.16]
2024-02-02T00:16:43.014Z  INFO 2250 --- [           main] o.a.c.c.C.[Tomcat].[localhost].[/]       : Initializing Spring embedded WebApplicationContext
2024-02-02T00:16:43.014Z  INFO 2250 --- [           main] w.s.c.ServletWebServerApplicationContext : Root WebApplicationContext: initialization completed in 144 ms
2024-02-02T00:16:43.036Z  INFO 2250 --- [           main] com.zaxxer.hikari.HikariDataSource       : HikariPool-5 - Starting...
2024-02-02T00:16:43.040Z  INFO 2250 --- [           main] com.zaxxer.hikari.pool.HikariPool        : HikariPool-5 - Added connection conn40: url=jdbc:h2:mem:cacaac01-29ba-44a2-aaa2-b5711dd9a741 user=SA
2024-02-02T00:16:43.040Z  INFO 2250 --- [           main] com.zaxxer.hikari.HikariDataSource       : HikariPool-5 - Start completed.
2024-02-02T00:16:43.042Z  INFO 2250 --- [           main] o.hibernate.jpa.internal.util.LogHelper  : HHH000204: Processing PersistenceUnitInfo [name: default]
2024-02-02T00:16:43.044Z  INFO 2250 --- [           main] o.h.c.internal.RegionFactoryInitiator    : HHH000026: Second-level cache disabled
2024-02-02T00:16:43.047Z  INFO 2250 --- [           main] o.s.o.j.p.SpringPersistenceUnitInfo      : No LoadTimeWeaver setup: ignoring JPA class transformer
2024-02-02T00:16:43.082Z  INFO 2250 --- [           main] o.h.e.t.j.p.i.JtaPlatformInitiator       : HHH000489: No JTA platform available (set 'hibernate.transaction.jta.platform' to enable JTA platform integration)
2024-02-02T00:16:43.085Z  INFO 2250 --- [           main] j.LocalContainerEntityManagerFactoryBean : Initialized JPA EntityManagerFactory for persistence unit 'default'
2024-02-02T00:16:43.111Z  WARN 2250 --- [           main] JpaBaseConfiguration$JpaWebConfiguration : spring.jpa.open-in-view is enabled by default. Therefore, database queries may be performed during view rendering. Explicitly configure spring.jpa.open-in-view to disable this warning
2024-02-02T00:16:43.155Z  WARN 2250 --- [           main] o.s.b.a.m.MustacheAutoConfiguration      : Cannot find template location: classpath:/templates/ (please add some templates, check your Mustache configuration, or set spring.mustache.check-template-location=false)
2024-02-02T00:16:43.177Z  INFO 2250 --- [           main] o.s.b.w.embedded.tomcat.TomcatWebServer  : Tomcat started on port 45637 (http) with context path ''
2024-02-02T00:16:43.179Z  INFO 2250 --- [           main] p.c.f.web.TaskRestControllerTestIT       : Started TaskRestControllerTestIT in 0.331 seconds (process running for 11.924)
2024-02-02T00:16:43.203Z  INFO 2250 --- [o-auto-5-exec-1] o.a.c.c.C.[Tomcat].[localhost].[/]       : Initializing Spring DispatcherServlet 'dispatcherServlet'
2024-02-02T00:16:43.203Z  INFO 2250 --- [o-auto-5-exec-1] o.s.web.servlet.DispatcherServlet        : Initializing Servlet 'dispatcherServlet'
2024-02-02T00:16:43.204Z  INFO 2250 --- [o-auto-5-exec-1] o.s.web.servlet.DispatcherServlet        : Completed initialization in 1 ms
]]></system-out>
  </testcase>
  <testcase name="shouldGetTwoTasks" classname="pt.com.francisco.web.TaskRestControllerTestIT" time="0.597">
    <system-out><![CDATA[2024-02-02T00:16:43.893Z  INFO 2250 --- [           main] j.LocalContainerEntityManagerFactoryBean : Closing JPA EntityManagerFactory for persistence unit 'default'
2024-02-02T00:16:43.895Z  INFO 2250 --- [           main] com.zaxxer.hikari.HikariDataSource       : HikariPool-5 - Shutdown initiated...
2024-02-02T00:16:43.896Z  INFO 2250 --- [           main] com.zaxxer.hikari.HikariDataSource       : HikariPool-5 - Shutdown completed.

  .   ____          _            __ _ _
 /\\ / ___'_ __ _ _(_)_ __  __ _ \ \ \ \
( ( )\___ | '_ | '_| | '_ \/ _` | \ \ \ \
 \\/  ___)| |_)| | | | | || (_| |  ) ) ) )
  '  |____| .__|_| |_|_| |_\__, | / / / /
 =========|_|==============|___/=/_/_/_/
 :: Spring Boot ::                (v3.2.0)

2024-02-02T00:16:43.919Z  INFO 2250 --- [           main] p.c.f.web.TaskRestControllerTestIT       : Starting TaskRestControllerTestIT using Java 17.0.10 with PID 2250 (started by runner in /home/runner/work/spring-java-template/spring-java-template/frameworks)
2024-02-02T00:16:43.919Z  INFO 2250 --- [           main] p.c.f.web.TaskRestControllerTestIT       : No active profile set, falling back to 1 default profile: "default"
2024-02-02T00:16:43.996Z  INFO 2250 --- [           main] .s.d.r.c.RepositoryConfigurationDelegate : Bootstrapping Spring Data JPA repositories in DEFAULT mode.
2024-02-02T00:16:44.001Z  INFO 2250 --- [           main] .s.d.r.c.RepositoryConfigurationDelegate : Finished Spring Data repository scanning in 4 ms. Found 1 JPA repository interface.
2024-02-02T00:16:44.081Z  INFO 2250 --- [           main] o.s.b.w.embedded.tomcat.TomcatWebServer  : Tomcat initialized with port 0 (http)
2024-02-02T00:16:44.082Z  INFO 2250 --- [           main] o.apache.catalina.core.StandardService   : Starting service [Tomcat]
2024-02-02T00:16:44.082Z  INFO 2250 --- [           main] o.apache.catalina.core.StandardEngine    : Starting Servlet engine: [Apache Tomcat/10.1.16]
2024-02-02T00:16:44.095Z  INFO 2250 --- [           main] o.a.c.c.C.[Tomcat].[localhost].[/]       : Initializing Spring embedded WebApplicationContext
2024-02-02T00:16:44.096Z  INFO 2250 --- [           main] w.s.c.ServletWebServerApplicationContext : Root WebApplicationContext: initialization completed in 175 ms
2024-02-02T00:16:44.127Z  INFO 2250 --- [           main] com.zaxxer.hikari.HikariDataSource       : HikariPool-6 - Starting...
2024-02-02T00:16:44.130Z  INFO 2250 --- [           main] com.zaxxer.hikari.pool.HikariPool        : HikariPool-6 - Added connection conn50: url=jdbc:h2:mem:6a845db4-e3f6-4ea0-a5c8-a7071d6d9176 user=SA
2024-02-02T00:16:44.130Z  INFO 2250 --- [           main] com.zaxxer.hikari.HikariDataSource       : HikariPool-6 - Start completed.
2024-02-02T00:16:44.131Z  INFO 2250 --- [           main] o.hibernate.jpa.internal.util.LogHelper  : HHH000204: Processing PersistenceUnitInfo [name: default]
2024-02-02T00:16:44.134Z  INFO 2250 --- [           main] o.h.c.internal.RegionFactoryInitiator    : HHH000026: Second-level cache disabled
2024-02-02T00:16:44.137Z  INFO 2250 --- [           main] o.s.o.j.p.SpringPersistenceUnitInfo      : No LoadTimeWeaver setup: ignoring JPA class transformer
2024-02-02T00:16:44.169Z  INFO 2250 --- [           main] o.h.e.t.j.p.i.JtaPlatformInitiator       : HHH000489: No JTA platform available (set 'hibernate.transaction.jta.platform' to enable JTA platform integration)
2024-02-02T00:16:44.172Z  INFO 2250 --- [           main] j.LocalContainerEntityManagerFactoryBean : Initialized JPA EntityManagerFactory for persistence unit 'default'
2024-02-02T00:16:44.202Z  WARN 2250 --- [           main] JpaBaseConfiguration$JpaWebConfiguration : spring.jpa.open-in-view is enabled by default. Therefore, database queries may be performed during view rendering. Explicitly configure spring.jpa.open-in-view to disable this warning
2024-02-02T00:16:44.252Z  WARN 2250 --- [           main] o.s.b.a.m.MustacheAutoConfiguration      : Cannot find template location: classpath:/templates/ (please add some templates, check your Mustache configuration, or set spring.mustache.check-template-location=false)
2024-02-02T00:16:44.275Z  INFO 2250 --- [           main] o.s.b.w.embedded.tomcat.TomcatWebServer  : Tomcat started on port 40583 (http) with context path ''
2024-02-02T00:16:44.278Z  INFO 2250 --- [           main] p.c.f.web.TaskRestControllerTestIT       : Started TaskRestControllerTestIT in 0.378 seconds (process running for 13.022)
2024-02-02T00:16:44.295Z  INFO 2250 --- [o-auto-6-exec-1] o.a.c.c.C.[Tomcat].[localhost].[/]       : Initializing Spring DispatcherServlet 'dispatcherServlet'
2024-02-02T00:16:44.296Z  INFO 2250 --- [o-auto-6-exec-1] o.s.web.servlet.DispatcherServlet        : Initializing Servlet 'dispatcherServlet'
2024-02-02T00:16:44.296Z  INFO 2250 --- [o-auto-6-exec-1] o.s.web.servlet.DispatcherServlet        : Completed initialization in 0 ms
]]></system-out>
  </testcase>
  <testcase name="shouldUpdateExistentTask" classname="pt.com.francisco.web.TaskRestControllerTestIT" time="0.449">
    <system-out><![CDATA[2024-02-02T00:16:44.491Z  INFO 2250 --- [           main] j.LocalContainerEntityManagerFactoryBean : Closing JPA EntityManagerFactory for persistence unit 'default'
2024-02-02T00:16:44.492Z  INFO 2250 --- [           main] com.zaxxer.hikari.HikariDataSource       : HikariPool-6 - Shutdown initiated...
2024-02-02T00:16:44.503Z  INFO 2250 --- [           main] com.zaxxer.hikari.HikariDataSource       : HikariPool-6 - Shutdown completed.

  .   ____          _            __ _ _
 /\\ / ___'_ __ _ _(_)_ __  __ _ \ \ \ \
( ( )\___ | '_ | '_| | '_ \/ _` | \ \ \ \
 \\/  ___)| |_)| | | | | || (_| |  ) ) ) )
  '  |____| .__|_| |_|_| |_\__, | / / / /
 =========|_|==============|___/=/_/_/_/
 :: Spring Boot ::                (v3.2.0)

2024-02-02T00:16:44.525Z  INFO 2250 --- [           main] p.c.f.web.TaskRestControllerTestIT       : Starting TaskRestControllerTestIT using Java 17.0.10 with PID 2250 (started by runner in /home/runner/work/spring-java-template/spring-java-template/frameworks)
2024-02-02T00:16:44.525Z  INFO 2250 --- [           main] p.c.f.web.TaskRestControllerTestIT       : No active profile set, falling back to 1 default profile: "default"
2024-02-02T00:16:44.583Z  INFO 2250 --- [           main] .s.d.r.c.RepositoryConfigurationDelegate : Bootstrapping Spring Data JPA repositories in DEFAULT mode.
2024-02-02T00:16:44.586Z  INFO 2250 --- [           main] .s.d.r.c.RepositoryConfigurationDelegate : Finished Spring Data repository scanning in 2 ms. Found 1 JPA repository interface.
2024-02-02T00:16:44.647Z  INFO 2250 --- [           main] o.s.b.w.embedded.tomcat.TomcatWebServer  : Tomcat initialized with port 0 (http)
2024-02-02T00:16:44.647Z  INFO 2250 --- [           main] o.apache.catalina.core.StandardService   : Starting service [Tomcat]
2024-02-02T00:16:44.648Z  INFO 2250 --- [           main] o.apache.catalina.core.StandardEngine    : Starting Servlet engine: [Apache Tomcat/10.1.16]
2024-02-02T00:16:44.657Z  INFO 2250 --- [           main] o.a.c.c.C.[Tomcat].[localhost].[/]       : Initializing Spring embedded WebApplicationContext
2024-02-02T00:16:44.657Z  INFO 2250 --- [           main] w.s.c.ServletWebServerApplicationContext : Root WebApplicationContext: initialization completed in 131 ms
2024-02-02T00:16:44.677Z  INFO 2250 --- [           main] com.zaxxer.hikari.HikariDataSource       : HikariPool-7 - Starting...
2024-02-02T00:16:44.681Z  INFO 2250 --- [           main] com.zaxxer.hikari.pool.HikariPool        : HikariPool-7 - Added connection conn60: url=jdbc:h2:mem:73983b4c-5f2e-45df-b64b-42b390be09e8 user=SA
2024-02-02T00:16:44.682Z  INFO 2250 --- [           main] com.zaxxer.hikari.HikariDataSource       : HikariPool-7 - Start completed.
2024-02-02T00:16:44.683Z  INFO 2250 --- [           main] o.hibernate.jpa.internal.util.LogHelper  : HHH000204: Processing PersistenceUnitInfo [name: default]
2024-02-02T00:16:44.685Z  INFO 2250 --- [           main] o.h.c.internal.RegionFactoryInitiator    : HHH000026: Second-level cache disabled
2024-02-02T00:16:44.687Z  INFO 2250 --- [           main] o.s.o.j.p.SpringPersistenceUnitInfo      : No LoadTimeWeaver setup: ignoring JPA class transformer
2024-02-02T00:16:44.719Z  INFO 2250 --- [           main] o.h.e.t.j.p.i.JtaPlatformInitiator       : HHH000489: No JTA platform available (set 'hibernate.transaction.jta.platform' to enable JTA platform integration)
2024-02-02T00:16:44.722Z  INFO 2250 --- [           main] j.LocalContainerEntityManagerFactoryBean : Initialized JPA EntityManagerFactory for persistence unit 'default'
2024-02-02T00:16:44.747Z  WARN 2250 --- [           main] JpaBaseConfiguration$JpaWebConfiguration : spring.jpa.open-in-view is enabled by default. Therefore, database queries may be performed during view rendering. Explicitly configure spring.jpa.open-in-view to disable this warning
2024-02-02T00:16:44.784Z  WARN 2250 --- [           main] o.s.b.a.m.MustacheAutoConfiguration      : Cannot find template location: classpath:/templates/ (please add some templates, check your Mustache configuration, or set spring.mustache.check-template-location=false)
2024-02-02T00:16:44.803Z  INFO 2250 --- [           main] o.s.b.w.embedded.tomcat.TomcatWebServer  : Tomcat started on port 37067 (http) with context path ''
2024-02-02T00:16:44.806Z  INFO 2250 --- [           main] p.c.f.web.TaskRestControllerTestIT       : Started TaskRestControllerTestIT in 0.298 seconds (process running for 13.55)
2024-02-02T00:16:44.824Z  INFO 2250 --- [o-auto-7-exec-1] o.a.c.c.C.[Tomcat].[localhost].[/]       : Initializing Spring DispatcherServlet 'dispatcherServlet'
2024-02-02T00:16:44.824Z  INFO 2250 --- [o-auto-7-exec-1] o.s.web.servlet.DispatcherServlet        : Initializing Servlet 'dispatcherServlet'
2024-02-02T00:16:44.825Z  INFO 2250 --- [o-auto-7-exec-1] o.s.web.servlet.DispatcherServlet        : Completed initialization in 1 ms
]]></system-out>
  </testcase>
  <testcase name="shouldGetNoTasks" classname="pt.com.francisco.web.TaskRestControllerTestIT" time="0.389">
    <system-out><![CDATA[2024-02-02T00:16:44.939Z  INFO 2250 --- [           main] j.LocalContainerEntityManagerFactoryBean : Closing JPA EntityManagerFactory for persistence unit 'default'
2024-02-02T00:16:44.941Z  INFO 2250 --- [           main] com.zaxxer.hikari.HikariDataSource       : HikariPool-7 - Shutdown initiated...
2024-02-02T00:16:44.942Z  INFO 2250 --- [           main] com.zaxxer.hikari.HikariDataSource       : HikariPool-7 - Shutdown completed.

  .   ____          _            __ _ _
 /\\ / ___'_ __ _ _(_)_ __  __ _ \ \ \ \
( ( )\___ | '_ | '_| | '_ \/ _` | \ \ \ \
 \\/  ___)| |_)| | | | | || (_| |  ) ) ) )
  '  |____| .__|_| |_|_| |_\__, | / / / /
 =========|_|==============|___/=/_/_/_/
 :: Spring Boot ::                (v3.2.0)

2024-02-02T00:16:44.960Z  INFO 2250 --- [           main] p.c.f.web.TaskRestControllerTestIT       : Starting TaskRestControllerTestIT using Java 17.0.10 with PID 2250 (started by runner in /home/runner/work/spring-java-template/spring-java-template/frameworks)
2024-02-02T00:16:44.960Z  INFO 2250 --- [           main] p.c.f.web.TaskRestControllerTestIT       : No active profile set, falling back to 1 default profile: "default"
2024-02-02T00:16:45.022Z  INFO 2250 --- [           main] .s.d.r.c.RepositoryConfigurationDelegate : Bootstrapping Spring Data JPA repositories in DEFAULT mode.
2024-02-02T00:16:45.026Z  INFO 2250 --- [           main] .s.d.r.c.RepositoryConfigurationDelegate : Finished Spring Data repository scanning in 3 ms. Found 1 JPA repository interface.
2024-02-02T00:16:45.074Z  INFO 2250 --- [           main] o.s.b.w.embedded.tomcat.TomcatWebServer  : Tomcat initialized with port 0 (http)
2024-02-02T00:16:45.075Z  INFO 2250 --- [           main] o.apache.catalina.core.StandardService   : Starting service [Tomcat]
2024-02-02T00:16:45.075Z  INFO 2250 --- [           main] o.apache.catalina.core.StandardEngine    : Starting Servlet engine: [Apache Tomcat/10.1.16]
2024-02-02T00:16:45.083Z  INFO 2250 --- [           main] o.a.c.c.C.[Tomcat].[localhost].[/]       : Initializing Spring embedded WebApplicationContext
2024-02-02T00:16:45.083Z  INFO 2250 --- [           main] w.s.c.ServletWebServerApplicationContext : Root WebApplicationContext: initialization completed in 122 ms
2024-02-02T00:16:45.103Z  INFO 2250 --- [           main] com.zaxxer.hikari.HikariDataSource       : HikariPool-8 - Starting...
2024-02-02T00:16:45.105Z  INFO 2250 --- [           main] com.zaxxer.hikari.pool.HikariPool        : HikariPool-8 - Added connection conn70: url=jdbc:h2:mem:6f812437-06de-4d4e-8d93-19959b80d05d user=SA
2024-02-02T00:16:45.106Z  INFO 2250 --- [           main] com.zaxxer.hikari.HikariDataSource       : HikariPool-8 - Start completed.
2024-02-02T00:16:45.106Z  INFO 2250 --- [           main] o.hibernate.jpa.internal.util.LogHelper  : HHH000204: Processing PersistenceUnitInfo [name: default]
2024-02-02T00:16:45.108Z  INFO 2250 --- [           main] o.h.c.internal.RegionFactoryInitiator    : HHH000026: Second-level cache disabled
2024-02-02T00:16:45.110Z  INFO 2250 --- [           main] o.s.o.j.p.SpringPersistenceUnitInfo      : No LoadTimeWeaver setup: ignoring JPA class transformer
2024-02-02T00:16:45.148Z  INFO 2250 --- [           main] o.h.e.t.j.p.i.JtaPlatformInitiator       : HHH000489: No JTA platform available (set 'hibernate.transaction.jta.platform' to enable JTA platform integration)
2024-02-02T00:16:45.154Z  INFO 2250 --- [           main] j.LocalContainerEntityManagerFactoryBean : Initialized JPA EntityManagerFactory for persistence unit 'default'
2024-02-02T00:16:45.190Z  WARN 2250 --- [           main] JpaBaseConfiguration$JpaWebConfiguration : spring.jpa.open-in-view is enabled by default. Therefore, database queries may be performed during view rendering. Explicitly configure spring.jpa.open-in-view to disable this warning
2024-02-02T00:16:45.253Z  WARN 2250 --- [           main] o.s.b.a.m.MustacheAutoConfiguration      : Cannot find template location: classpath:/templates/ (please add some templates, check your Mustache configuration, or set spring.mustache.check-template-location=false)
2024-02-02T00:16:45.276Z  INFO 2250 --- [           main] o.s.b.w.embedded.tomcat.TomcatWebServer  : Tomcat started on port 35299 (http) with context path ''
2024-02-02T00:16:45.282Z  INFO 2250 --- [           main] p.c.f.web.TaskRestControllerTestIT       : Started TaskRestControllerTestIT in 0.337 seconds (process running for 14.027)
2024-02-02T00:16:45.295Z  INFO 2250 --- [o-auto-8-exec-1] o.a.c.c.C.[Tomcat].[localhost].[/]       : Initializing Spring DispatcherServlet 'dispatcherServlet'
2024-02-02T00:16:45.295Z  INFO 2250 --- [o-auto-8-exec-1] o.s.web.servlet.DispatcherServlet        : Initializing Servlet 'dispatcherServlet'
2024-02-02T00:16:45.296Z  INFO 2250 --- [o-auto-8-exec-1] o.s.web.servlet.DispatcherServlet        : Completed initialization in 1 ms
]]></system-out>
  </testcase>
  <testcase name="shouldGetExistentTask" classname="pt.com.francisco.web.TaskRestControllerTestIT" time="0.463">
    <system-out><![CDATA[2024-02-02T00:16:45.332Z  INFO 2250 --- [           main] j.LocalContainerEntityManagerFactoryBean : Closing JPA EntityManagerFactory for persistence unit 'default'
2024-02-02T00:16:45.334Z  INFO 2250 --- [           main] com.zaxxer.hikari.HikariDataSource       : HikariPool-8 - Shutdown initiated...
2024-02-02T00:16:45.335Z  INFO 2250 --- [           main] com.zaxxer.hikari.HikariDataSource       : HikariPool-8 - Shutdown completed.

  .   ____          _            __ _ _
 /\\ / ___'_ __ _ _(_)_ __  __ _ \ \ \ \
( ( )\___ | '_ | '_| | '_ \/ _` | \ \ \ \
 \\/  ___)| |_)| | | | | || (_| |  ) ) ) )
  '  |____| .__|_| |_|_| |_\__, | / / / /
 =========|_|==============|___/=/_/_/_/
 :: Spring Boot ::                (v3.2.0)

2024-02-02T00:16:45.355Z  INFO 2250 --- [           main] p.c.f.web.TaskRestControllerTestIT       : Starting TaskRestControllerTestIT using Java 17.0.10 with PID 2250 (started by runner in /home/runner/work/spring-java-template/spring-java-template/frameworks)
2024-02-02T00:16:45.355Z  INFO 2250 --- [           main] p.c.f.web.TaskRestControllerTestIT       : No active profile set, falling back to 1 default profile: "default"
2024-02-02T00:16:45.420Z  INFO 2250 --- [           main] .s.d.r.c.RepositoryConfigurationDelegate : Bootstrapping Spring Data JPA repositories in DEFAULT mode.
2024-02-02T00:16:45.424Z  INFO 2250 --- [           main] .s.d.r.c.RepositoryConfigurationDelegate : Finished Spring Data repository scanning in 3 ms. Found 1 JPA repository interface.
2024-02-02T00:16:45.488Z  INFO 2250 --- [           main] o.s.b.w.embedded.tomcat.TomcatWebServer  : Tomcat initialized with port 0 (http)
2024-02-02T00:16:45.489Z  INFO 2250 --- [           main] o.apache.catalina.core.StandardService   : Starting service [Tomcat]
2024-02-02T00:16:45.489Z  INFO 2250 --- [           main] o.apache.catalina.core.StandardEngine    : Starting Servlet engine: [Apache Tomcat/10.1.16]
2024-02-02T00:16:45.500Z  INFO 2250 --- [           main] o.a.c.c.C.[Tomcat].[localhost].[/]       : Initializing Spring embedded WebApplicationContext
2024-02-02T00:16:45.501Z  INFO 2250 --- [           main] w.s.c.ServletWebServerApplicationContext : Root WebApplicationContext: initialization completed in 145 ms
2024-02-02T00:16:45.534Z  INFO 2250 --- [           main] com.zaxxer.hikari.HikariDataSource       : HikariPool-9 - Starting...
2024-02-02T00:16:45.554Z  INFO 2250 --- [           main] com.zaxxer.hikari.pool.HikariPool        : HikariPool-9 - Added connection conn80: url=jdbc:h2:mem:1de2d0f5-6992-41cb-9430-cdba743ba5b6 user=SA
2024-02-02T00:16:45.554Z  INFO 2250 --- [           main] com.zaxxer.hikari.HikariDataSource       : HikariPool-9 - Start completed.
2024-02-02T00:16:45.556Z  INFO 2250 --- [           main] o.hibernate.jpa.internal.util.LogHelper  : HHH000204: Processing PersistenceUnitInfo [name: default]
2024-02-02T00:16:45.558Z  INFO 2250 --- [           main] o.h.c.internal.RegionFactoryInitiator    : HHH000026: Second-level cache disabled
2024-02-02T00:16:45.562Z  INFO 2250 --- [           main] o.s.o.j.p.SpringPersistenceUnitInfo      : No LoadTimeWeaver setup: ignoring JPA class transformer
2024-02-02T00:16:45.605Z  INFO 2250 --- [           main] o.h.e.t.j.p.i.JtaPlatformInitiator       : HHH000489: No JTA platform available (set 'hibernate.transaction.jta.platform' to enable JTA platform integration)
2024-02-02T00:16:45.609Z  INFO 2250 --- [           main] j.LocalContainerEntityManagerFactoryBean : Initialized JPA EntityManagerFactory for persistence unit 'default'
2024-02-02T00:16:45.670Z  WARN 2250 --- [           main] JpaBaseConfiguration$JpaWebConfiguration : spring.jpa.open-in-view is enabled by default. Therefore, database queries may be performed during view rendering. Explicitly configure spring.jpa.open-in-view to disable this warning
2024-02-02T00:16:45.708Z  WARN 2250 --- [           main] o.s.b.a.m.MustacheAutoConfiguration      : Cannot find template location: classpath:/templates/ (please add some templates, check your Mustache configuration, or set spring.mustache.check-template-location=false)
2024-02-02T00:16:45.733Z  INFO 2250 --- [           main] o.s.b.w.embedded.tomcat.TomcatWebServer  : Tomcat started on port 39241 (http) with context path ''
2024-02-02T00:16:45.738Z  INFO 2250 --- [           main] p.c.f.web.TaskRestControllerTestIT       : Started TaskRestControllerTestIT in 0.4 seconds (process running for 14.483)
2024-02-02T00:16:45.754Z  INFO 2250 --- [o-auto-9-exec-1] o.a.c.c.C.[Tomcat].[localhost].[/]       : Initializing Spring DispatcherServlet 'dispatcherServlet'
2024-02-02T00:16:45.754Z  INFO 2250 --- [o-auto-9-exec-1] o.s.web.servlet.DispatcherServlet        : Initializing Servlet 'dispatcherServlet'
2024-02-02T00:16:45.755Z  INFO 2250 --- [o-auto-9-exec-1] o.s.web.servlet.DispatcherServlet        : Completed initialization in 1 ms
]]></system-out>
  </testcase>
</testsuite>